
Debian GNU/Linux 11 syzkaller ttyS0

Warning: Permanently added '[localhost]:38248' (ECDSA) to the list of known hosts.
syzkaller login: [  138.318060][   T44] audit: type=1400 audit(1735677927.777:10): avc:  denied  { execmem } for  pid=426 comm="syz-executor361" scontext=unconfined_u:unconfined_r:unconfined_t:s0-s0:c0.c1023 tcontext=unconfined_u:unconfined_r:unconfined_t:s0-s0:c0.c1023 tclass=process permissive=1
executing program
[  138.538344][  T427] loop0: detected capacity change from 0 to 32768
[  138.544604][  T427] =======================================================
[  138.544604][  T427] WARNING: The mand mount option has been deprecated and
[  138.544604][  T427]          and is ignored by this kernel. Remove the mand
[  138.544604][  T427]          option from the mount to silence this warning.
[  138.544604][  T427] =======================================================
[  138.571546][  T427] read_mapping_page failed!
[  138.573138][  T427] BUG at fs/jfs/jfs_txnmgr.c:2796 assert(mp->nohomeok)
[  138.575999][  T427] ------------[ cut here ]------------
[  138.577581][  T427] kernel BUG at fs/jfs/jfs_txnmgr.c:2796!
[  138.579301][  T427] Oops: invalid opcode: 0000 [#1] PREEMPT SMP KASAN NOPTI
[  138.580231][  T427] CPU: 1 UID: 0 PID: 427 Comm: syz-executor361 Not tainted 6.13.0-rc5 #1
[  138.580231][  T427] Hardware name: QEMU Standard PC (i440FX + PIIX, 1996), BIOS 1.13.0-1ubuntu1.1 04/01/2014
[  138.580231][  T427] RIP: 0010:txAbort+0x51e/0x570
[  138.580231][  T427] Code: e9 96 fd ff ff e8 12 db c3 fe 48 c7 c1 40 16 5e a4 ba ec 0a 00 00 48 c7 c6 20 09 5e a4 48 c7 c7 60 09 5e a4 e8 d3 0e a4 fe 90 <0f> 0b e8 eb da c3 fe 48 c7 c1 80 16 5e a4 ba ed 0a 00 00 48 c7 c6
[  138.580231][  T427] RSP: 0018:ffa0000003617500 EFLAGS: 00010282
[  138.580231][  T427] RAX: 0000000000000034 RBX: dffffc0000000000 RCX: ffffffff9c09e8b9
[  138.580231][  T427] RDX: 0000000000000000 RSI: ff1100000af44680 RDI: 0000000000000002
[  138.580231][  T427] RBP: 0000000000000003 R08: fffffbfff4cb8800 R09: fff3fc00006c2e54
[  138.580231][  T427] R10: fff3fc00006c2e53 R11: ffa000000361729f R12: 0000000000000000
[  138.580231][  T427] R13: ffa0000000e72110 R14: ff1100000ae597c0 R15: ff1100000ae59868
[  138.580231][  T427] FS:  000055556425f880(0000) GS:ff1100006a280000(0000) knlGS:0000000000000000
[  138.580231][  T427] CS:  0010 DS: 0000 ES: 0000 CR0: 0000000080050033
[  138.580231][  T427] CR2: 00007fca85e616f8 CR3: 000000000d138002 CR4: 0000000000771ef0
[  138.580231][  T427] PKRU: 55555554
[  138.580231][  T427] Call Trace:
[  138.580231][  T427]  <TASK>
[  138.580231][  T427]  ? __die_body+0x1a/0x60
[  138.580231][  T427]  ? die+0x38/0x60
[  138.580231][  T427]  ? do_trap+0x20d/0x270
[  138.580231][  T427]  ? txAbort+0x51e/0x570
[  138.580231][  T427]  ? do_error_trap+0xf9/0x240
[  138.580231][  T427]  ? txAbort+0x51e/0x570
[  138.580231][  T427]  ? txAbort+0x51e/0x570
[  138.580231][  T427]  ? handle_invalid_op+0x34/0x40
[  138.580231][  T427]  ? txAbort+0x51e/0x570
[  138.580231][  T427]  ? exc_invalid_op+0x5d/0x80
[  138.580231][  T427]  ? asm_exc_invalid_op+0x1a/0x20
[  138.580231][  T427]  ? __wake_up_klogd.part.0+0x99/0xf0
[  138.580231][  T427]  ? txAbort+0x51e/0x570
[  138.580231][  T427]  txCommit+0x214b/0x4720
[  138.580231][  T427]  ? srso_alias_return_thunk+0x5/0xfbef5
[  138.580231][  T427]  ? ktime_get_coarse_real_ts64_mg+0x22e/0x310
[  138.580231][  T427]  ? __pfx_txCommit+0x10/0x10
[  138.580231][  T427]  ? srso_alias_return_thunk+0x5/0xfbef5
[  138.580231][  T427]  ? inode_set_ctime_current+0x271/0x860
[  138.580231][  T427]  ? mark_held_locks+0x81/0xe0
[  138.580231][  T427]  ? srso_alias_return_thunk+0x5/0xfbef5
[  138.580231][  T427]  ? write_comp_data+0x29/0x90
[  138.580231][  T427]  ? srso_alias_return_thunk+0x5/0xfbef5
[  138.580231][  T427]  ? __mark_inode_dirty+0x2a4/0xdd0
[  138.580231][  T427]  jfs_create+0x80a/0xb40
[  138.580231][  T427]  ? __pfx_jfs_create+0x10/0x10
[  138.580231][  T427]  ? __pfx_avc_has_perm+0x10/0x10
[  138.580231][  T427]  ? __sanitizer_cov_trace_pc+0x20/0x60
[  138.580231][  T427]  ? srso_alias_return_thunk+0x5/0xfbef5
[  138.580231][  T427]  ? srso_alias_return_thunk+0x5/0xfbef5
[  138.580231][  T427]  ? __sanitizer_cov_trace_pc+0x20/0x60
[  138.580231][  T427]  ? srso_alias_return_thunk+0x5/0xfbef5
[  138.580231][  T427]  ? may_create+0x223/0x390
[  138.580231][  T427]  ? __pfx_may_create+0x10/0x10
[  138.580231][  T427]  ? __sanitizer_cov_trace_pc+0x20/0x60
[  138.580231][  T427]  ? srso_alias_return_thunk+0x5/0xfbef5
[  138.580231][  T427]  ? srso_alias_safe_ret+0x6/0x7
[  138.580231][  T427]  ? srso_alias_return_thunk+0x5/0xfbef5
[  138.580231][  T427]  ? write_comp_data+0x29/0x90
[  138.580231][  T427]  ? srso_alias_return_thunk+0x5/0xfbef5
[  138.580231][  T427]  ? __sanitizer_cov_trace_pc+0x20/0x60
[  138.580231][  T427]  ? srso_alias_return_thunk+0x5/0xfbef5
[  138.580231][  T427]  ? srso_alias_return_thunk+0x5/0xfbef5
[  138.580231][  T427]  ? srso_alias_return_thunk+0x5/0xfbef5
[  138.580231][  T427]  ? write_comp_data+0x29/0x90
[  138.580231][  T427]  ? srso_alias_return_thunk+0x5/0xfbef5
[  138.580231][  T427]  ? __sanitizer_cov_trace_pc+0x20/0x60
[  138.580231][  T427]  ? __pfx_jfs_create+0x10/0x10
[  138.580231][  T427]  lookup_open+0x10e2/0x14e0
[  138.580231][  T427]  ? __pfx_lookup_open+0x10/0x10
[  138.580231][  T427]  ? srso_alias_return_thunk+0x5/0xfbef5
[  138.580231][  T427]  ? __pfx_down_write+0x10/0x10
[  138.580231][  T427]  ? srso_alias_return_thunk+0x5/0xfbef5
[  138.580231][  T427]  ? srso_alias_return_thunk+0x5/0xfbef5
[  138.580231][  T427]  ? __sanitizer_cov_trace_pc+0x20/0x60
[  138.580231][  T427]  path_openat+0xec9/0x2970
[  138.580231][  T427]  ? __pfx_path_openat+0x10/0x10
[  138.580231][  T427]  ? __pfx___lock_acquire+0x10/0x10
[  138.580231][  T427]  ? srso_alias_return_thunk+0x5/0xfbef5
[  138.580231][  T427]  do_filp_open+0x1fa/0x2f0
[  138.580231][  T427]  ? srso_alias_return_thunk+0x5/0xfbef5
[  138.580231][  T427]  ? __pfx_do_filp_open+0x10/0x10
[  138.580231][  T427]  ? find_held_lock+0x2c/0x110
[  138.580231][  T427]  ? __pfx_do_raw_spin_lock+0x10/0x10
[  138.580231][  T427]  ? write_comp_data+0x29/0x90
[  138.580231][  T427]  ? srso_alias_return_thunk+0x5/0xfbef5
[  138.580231][  T427]  ? srso_alias_return_thunk+0x5/0xfbef5
[  138.580231][  T427]  ? alloc_fd+0x397/0x730
[  138.580231][  T427]  do_sys_openat2+0x641/0x6e0
[  138.580231][  T427]  ? __pfx_do_sys_openat2+0x10/0x10
[  138.580231][  T427]  do_sys_open+0xc7/0x150
[  138.580231][  T427]  ? __pfx_do_sys_open+0x10/0x10
[  138.580231][  T427]  ? do_syscall_64+0x89/0x1d0
[  138.580231][  T427]  ? srso_alias_return_thunk+0x5/0xfbef5
[  138.580231][  T427]  ? __sanitizer_cov_trace_pc+0x20/0x60
[  138.580231][  T427]  do_syscall_64+0xc3/0x1d0
[  138.580231][  T427]  entry_SYSCALL_64_after_hwframe+0x77/0x7f
[  138.580231][  T427] RIP: 0033:0x7efc1d4c30bd
[  138.580231][  T427] Code: c3 e8 17 2c 00 00 0f 1f 80 00 00 00 00 f3 0f 1e fa 48 89 f8 48 89 f7 48 89 d6 48 89 ca 4d 89 c2 4d 89 c8 4c 8b 4c 24 08 0f 05 <48> 3d 01 f0 ff ff 73 01 c3 48 c7 c1 c0 ff ff ff f7 d8 64 89 01 48
[  138.580231][  T427] RSP: 002b:00007ffc7f7448f8 EFLAGS: 00000246 ORIG_RAX: 0000000000000101
[  138.580231][  T427] RAX: ffffffffffffffda RBX: 0000000000000000 RCX: 00007efc1d4c30bd
[  138.580231][  T427] RDX: 000000000000275a RSI: 0000000020000040 RDI: 00000000ffffff9c
[  138.580231][  T427] RBP: 0000000000000000 R08: 0000000000000001 R09: 0000000000000001
[  138.580231][  T427] R10: 0000000000000000 R11: 0000000000000246 R12: 00007ffc7f74490c
[  138.580231][  T427] R13: 00007ffc7f744910 R14: 0000000000000000 R15: 0000000000000000
[  138.580231][  T427]  </TASK>
[  138.580231][  T427] Modules linked in:
[  138.751188][  T427] ---[ end trace 0000000000000000 ]---
[  138.752724][  T427] RIP: 0010:txAbort+0x51e/0x570
[  138.754200][  T427] Code: e9 96 fd ff ff e8 12 db c3 fe 48 c7 c1 40 16 5e a4 ba ec 0a 00 00 48 c7 c6 20 09 5e a4 48 c7 c7 60 09 5e a4 e8 d3 0e a4 fe 90 <0f> 0b e8 eb da c3 fe 48 c7 c1 80 16 5e a4 ba ed 0a 00 00 48 c7 c6
[  138.759634][  T427] RSP: 0018:ffa0000003617500 EFLAGS: 00010282
[  138.761473][  T427] RAX: 0000000000000034 RBX: dffffc0000000000 RCX: ffffffff9c09e8b9
[  138.763667][  T427] RDX: 0000000000000000 RSI: ff1100000af44680 RDI: 0000000000000002
[  138.765940][  T427] RBP: 0000000000000003 R08: fffffbfff4cb8800 R09: fff3fc00006c2e54
[  138.768146][  T427] R10: fff3fc00006c2e53 R11: ffa000000361729f R12: 0000000000000000
[  138.770391][  T427] R13: ffa0000000e72110 R14: ff1100000ae597c0 R15: ff1100000ae59868
[  138.773183][  T427] FS:  000055556425f880(0000) GS:ff1100006a280000(0000) knlGS:0000000000000000
[  138.775797][  T427] CS:  0010 DS: 0000 ES: 0000 CR0: 0000000080050033
[  138.777707][  T427] CR2: 00007fca85e616f8 CR3: 000000000d138002 CR4: 0000000000771ef0
[  138.779988][  T427] PKRU: 55555554
[  138.781139][  T427] Kernel panic - not syncing: Fatal exception
[  138.782512][  T427] Kernel Offset: 0x1ac00000 from 0xffffffff81000000 (relocation range: 0xffffffff80000000-0xffffffffbfffffff)
[  138.782512][  T427] Rebooting in 86400 seconds..

VM DIAGNOSIS:
04:45:28  Registers:
info registers vcpu 0
RAX=0000000000000000 RBX=0000000000000000 RCX=ffffffffa3ed0d81 RDX=0000000000000001
RSI=0000000000000000 RDI=ffffffff9c02021d RBP=dffffc0000000000 RSP=ffffffffa6407e00
R8 =0000000000000000 R9 =ffe21c000d446cc3 R10=ffe21c000d446cc2 R11=ff1100006a236613
R12=0000000000000000 R13=ffffffffa85bd5d0 R14=0000000000000000 R15=0000000000000000
RIP=ffffffffa3ed22ce RFL=00000246 [---Z-P-] CPL=0 II=0 A20=1 SMM=0 HLT=1
ES =0000 0000000000000000 00000000 00000000
CS =0010 0000000000000000 ffffffff 00a09b00 DPL=0 CS64 [-RA]
SS =0018 0000000000000000 ffffffff 00c09300 DPL=0 DS   [-WA]
DS =0000 0000000000000000 00000000 00000000
FS =0000 0000000000000000 00000000 00000000
GS =0000 ff1100006a200000 00000000 00000000
LDT=0000 0000000000000000 00000000 00000000
TR =0040 fffffe678f5bf000 00004087 00008b00 DPL=0 TSS64-busy
GDT=     fffffe678f5bd000 0000007f
IDT=     fffffe0000000000 00000fff
CR0=80050033 CR2=00007f1578507680 CR3=0000000003db0001 CR4=00771ef0
DR0=0000000000000000 DR1=0000000000000000 DR2=0000000000000000 DR3=0000000000000000 
DR6=00000000ffff0ff0 DR7=0000000000000400
EFER=0000000000000d01
FCW=037f FSW=0000 [ST=0] FTW=00 MXCSR=00001f80
FPR0=0000000000000000 0000 FPR1=0000000000000000 0000
FPR2=0000000000000000 0000 FPR3=0000000000000000 0000
FPR4=0000000000000000 0000 FPR5=0000000000000000 0000
FPR6=0000000000000000 0000 FPR7=0000000000000000 0000
XMM00=00000000000000000000000000000000 XMM01=f73d71fba8474790be43e6e5fc7cc39f
XMM02=ffffffffffffff0f0e0d0c0b0a090807 XMM03=00000000000000000000000000000000
XMM04=40404040404040404040404040404040 XMM05=5a5a5a5a5a5a5a5a5a5a5a5a5a5a5a5a
XMM06=20202020202020202020202020202020 XMM07=000000000000ff0000ff00ffffffffff
XMM08=00000000000000000000000000000000 XMM09=00000000000000000000000000000000
XMM10=00000000000000000000000000000000 XMM11=00000000000000000000000000000000
XMM12=00000000000000000000000000000000 XMM13=00000000000000000000000000000000
XMM14=00000000000000000000000000000000 XMM15=00000000000000000000000000000000
info registers vcpu 1
RAX=0000000000000032 RBX=0000000000000000 RCX=0000000000000000 RDX=00000000000003f8
RSI=ff1100000af44680 RDI=ffffffffb214f080 RBP=ffffffffb214f040 RSP=ffa0000003616dd8
R8 =0000000000000000 R9 =ffe21c0000d9f047 R10=ffe21c0000d9f046 R11=ff11000006cf8237
R12=0000000000000000 R13=0000000000000032 R14=0000000000000000 R15=0000000000000010
RIP=ffffffff9f5595cf RFL=00000002 [-------] CPL=0 II=0 A20=1 SMM=0 HLT=0
ES =0000 0000000000000000 00000000 00000000
CS =0010 0000000000000000 ffffffff 00a09b00 DPL=0 CS64 [-RA]
SS =0018 0000000000000000 ffffffff 00c09300 DPL=0 DS   [-WA]
DS =0000 0000000000000000 00000000 00000000
FS =0000 000055556425f880 00000000 00000000
GS =0000 ff1100006a280000 00000000 00000000
LDT=0000 0000000000000000 00000000 00000000
TR =0040 fffffe38c2206000 00004087 00008b00 DPL=0 TSS64-busy
GDT=     fffffe38c2204000 0000007f
IDT=     fffffe0000000000 00000fff
CR0=80050033 CR2=00007fca85e616f8 CR3=000000000d138002 CR4=00771ef0
DR0=0000000000000000 DR1=0000000000000000 DR2=0000000000000000 DR3=0000000000000000 
DR6=00000000ffff0ff0 DR7=0000000000000400
EFER=0000000000000d01
FCW=037f FSW=0000 [ST=0] FTW=00 MXCSR=00001f80
FPR0=0000000000000000 0000 FPR1=0000000000000000 0000
FPR2=0000000000000000 0000 FPR3=0000000000000000 0000
FPR4=0000000000000000 0000 FPR5=0000000000000000 0000
FPR6=0000000000000000 0000 FPR7=0000000000000000 0000
XMM00=79735f65676173752e74636361757063 XMM01=00646975756f6e2c007366780065756e
XMM02=000000000000000000ffff0000000000 XMM03=ffffffffffffffffffffffffffffffff
XMM04=0000000000ff000000000000000000ff XMM05=b96eb0a7ffff00000047ffeecfffad9d
XMM06=c73ffd7ffdf7ef0afffebffd0afffd7f XMM07=fa55fffff5ffebffd06fffe83776fffe
XMM08=ef7ffebff6436dd7bffeec8db0000000 XMM09=00000000000000000000000000000000
XMM10=00000000000000000000000000000000 XMM11=00000000000000000000000000000000
XMM12=00000000000000000000000000000000 XMM13=00000000000000000000000000000000
XMM14=00000000000000000000000000000000 XMM15=00000000000000000000000000000000
info registers vcpu 2
RAX=000000497a340890 RBX=0000000000000000 RCX=00000000000006e0 RDX=0000000000000049
RSI=ff1100006a328300 RDI=0000000000041abb RBP=ff1100006a328300 RSP=ffa0000000240ed0
R8 =0000000000000000 R9 =fffffbfff50b7abb R10=fffffbfff50b7aba R11=ffffffffa85bd5d7
R12=0000000000041abb R13=0000000000000019 R14=0000000000000000 R15=ff1100006a32ce40
RIP=ffffffff9bdc96a5 RFL=00000012 [----A--] CPL=0 II=0 A20=1 SMM=0 HLT=0
ES =0000 0000000000000000 00000000 00000000
CS =0010 0000000000000000 ffffffff 00a09b00 DPL=0 CS64 [-RA]
SS =0018 0000000000000000 ffffffff 00c09300 DPL=0 DS   [-WA]
DS =0000 0000000000000000 00000000 00000000
FS =0000 00007f6bcdf628c0 00000000 00000000
GS =0000 ff1100006a300000 00000000 00000000
LDT=0000 0000000000000000 00000000 00000000
TR =0040 fffffe6a3c618000 00004087 00008b00 DPL=0 TSS64-busy
GDT=     fffffe6a3c616000 0000007f
IDT=     fffffe0000000000 00000fff
CR0=80050033 CR2=0000555b7d686c68 CR3=00000000089ce004 CR4=00771ef0
DR0=0000000000000000 DR1=0000000000000000 DR2=0000000000000000 DR3=0000000000000000 
DR6=00000000ffff0ff0 DR7=0000000000000400
EFER=0000000000000d01
FCW=037f FSW=0000 [ST=0] FTW=00 MXCSR=00001f80
FPR0=0000000000000000 0000 FPR1=0000000000000000 0000
FPR2=0000000000000000 0000 FPR3=0000000000000000 0000
FPR4=0000000000000000 0000 FPR5=0000000000000000 0000
FPR6=0000000000000000 0000 FPR7=0000000000000000 0000
XMM00=000000000000000000006c696146002f XMM01=000000696e656420737365636341002f
XMM02=ffffff0f0e0d0c0b0a09080706050403 XMM03=696e656420737365636341002f737973
XMM04=00000000000000000000000000000003 XMM05=00000000000000000000000000000000
XMM06=00000000000000000000000000000000 XMM07=00000000000000000000000000000000
XMM08=20202020000000000000000000000000 XMM09=ffffffff000000000000000000000000
XMM10=20202020000000000000000000000000 XMM11=00000000000000000000000000000000
XMM12=00000000000000000000000000000000 XMM13=00000000000000000000000000000000
XMM14=00000000000000000000000000000000 XMM15=00000000000000000000000000000000
info registers vcpu 3
RAX=000000497a565cb9 RBX=0000000000000000 RCX=00000000000006e0 RDX=0000000000000049
RSI=ff1100006a3a8300 RDI=0000000000041958 RBP=ff1100006a3a8300 RSP=ffa0000000298ed0
R8 =0000000000000000 R9 =fffffbfff50b7abb R10=fffffbfff50b7aba R11=ffffffffa85bd5d7
R12=0000000000041958 R13=0000000000000019 R14=0000000000000000 R15=ff1100006a3ace40
RIP=ffffffff9bdc96a5 RFL=00000012 [----A--] CPL=0 II=0 A20=1 SMM=0 HLT=0
ES =0000 0000000000000000 00000000 00000000
CS =0010 0000000000000000 ffffffff 00a09b00 DPL=0 CS64 [-RA]
SS =0018 0000000000000000 ffffffff 00c09300 DPL=0 DS   [-WA]
DS =0000 0000000000000000 00000000 00000000
FS =0000 00007f6bcdf628c0 00000000 00000000
GS =0000 ff1100006a380000 00000000 00000000
LDT=0000 0000000000000000 00000000 00000000
TR =0040 fffffe09b1e5e000 00004087 00008b00 DPL=0 TSS64-busy
GDT=     fffffe09b1e5c000 0000007f
IDT=     fffffe0000000000 00000fff
CR0=80050033 CR2=0000555b7d7549f8 CR3=0000000008e3c005 CR4=00771ef0
DR0=0000000000000000 DR1=0000000000000000 DR2=0000000000000000 DR3=0000000000000000 
DR6=00000000ffff0ff0 DR7=0000000000000400
EFER=0000000000000d01
FCW=037f FSW=0000 [ST=0] FTW=00 MXCSR=00001f80
FPR0=0000000000000000 0000 FPR1=0000000000000000 0000
FPR2=0000000000000000 0000 FPR3=0000000000000000 0000
FPR4=0000000000000000 0000 FPR5=0000000000000000 0000
FPR6=0000000000000000 0000 FPR7=0000000000000000 0000
XMM00=000000000000000000006c696146002f XMM01=00007ffdde6748d00000003000000028
XMM02=ffffffffffffffffffffff0f0e0d0c0b XMM03=696e656420737365636341002f737973
XMM04=00000000000000000000000000000000 XMM05=00000000000000000000000000000000
XMM06=00000000000000000000000000000000 XMM07=00000000000000000000000000000000
XMM08=20202020000000000000000000000000 XMM09=ffffffff000000000000000000000000
XMM10=20202020000000000000000000000000 XMM11=00000000000000000000000000000000
XMM12=00000000000000000000000000000000 XMM13=00000000000000000000000000000000
XMM14=00000000000000000000000000000000 XMM15=00000000000000000000000000000000
