Warning: Permanently added '[localhost]:28145' (ECDSA) to the list of known hosts.
executing program
syzkaller login: [   40.981870][ T7610] loop0: detected capacity change from 0 to 32768
[   41.013229][ T7610] (syz-executor341,7610,3):ocfs2_block_check_validate:400 ERROR: CRC32 failed: stored: 0xcde76f4d, computed 0x57a518a3. Applying ECC.
[   41.021397][ T7610] (syz-executor341,7610,3):ocfs2_block_check_validate:400 ERROR: CRC32 failed: stored: 0xcde76f4d, computed 0x57a518a3. Applying ECC.
[   41.035154][ T7610] JBD2: Ignoring recovery information on journal
[   41.059287][ T7610] ocfs2: Mounting device (7,0) on (node local, slot 0) with ordered data mode.
[   41.066092][ T7610] general protection fault, probably for non-canonical address 0xdffffc00000000cf: 0000 [#1] PREEMPT SMP KASAN
[   41.071401][ T7610] KASAN: null-ptr-deref in range [0x0000000000000678-0x000000000000067f]
[   41.075883][ T7610] CPU: 3 PID: 7610 Comm: syz-executor341 Not tainted 5.15.0 #1
[   41.076007][ T7610] Hardware name: QEMU Standard PC (i440FX + PIIX, 1996), BIOS 1.13.0-1ubuntu1.1 04/01/2014
[   41.076007][ T7610] RIP: 0010:ocfs2_qinfo_lock_res_init+0x98/0xf0
[   41.076007][ T7610] Code: 48 c1 ea 03 80 3c 02 00 75 6d 4c 8b a3 50 02 00 00 48 b8 00 00 00 00 00 fc ff df 49 8d bc 24 78 06 00 00 48 89 fa 48 c1 ea 03 <80> 3c 02 00 75 40 49 8b bc 24 78 06 00 00 48 83 c4 08 49 89 d8 48
[   41.076007][ T7610] RSP: 0018:ffffc900012d7788 EFLAGS: 00010216
[   41.076007][ T7610] RAX: dffffc0000000000 RBX: ffff88800011d800 RCX: ffff88801c53a300
[   41.076007][ T7610] RDX: 00000000000000cf RSI: ffff88801c53a300 RDI: 0000000000000678
[   41.076007][ T7610] RBP: ffff88800011d830 R08: ffffffff83218eaa R09: 000000000000001f
[   41.076007][ T7610] R10: 0000000000000005 R11: ffffed1000023b44 R12: 0000000000000000
[   41.076007][ T7610] R13: 0000000000000000 R14: ffff888029f80000 R15: ffff888029f80000
[   41.076007][ T7610] FS:  0000555555fdb880(0000) GS:ffff88807ed00000(0000) knlGS:0000000000000000
[   41.076007][ T7610] CS:  0010 DS: 0000 ES: 0000 CR0: 0000000080050033
[   41.076007][ T7610] CR2: 00007fc324a4f970 CR3: 000000001e41f000 CR4: 0000000000750ee0
[   41.076007][ T7610] PKRU: 55555554
[   41.076007][ T7610] Call Trace:
[   41.076007][ T7610]  ocfs2_local_read_info+0x27a/0x1500
[   41.076007][ T7610]  ? find_held_lock+0x2d/0x110
[   41.076007][ T7610]  ? dquot_load_quota_sb+0xf5/0xfd0
[   41.076007][ T7610]  ? ocfs2_local_write_info+0x240/0x240
[   41.076007][ T7610]  ? down_read_trylock+0xf0/0x350
[   41.076007][ T7610]  ? __init_rwsem+0x1a0/0x1a0
[   41.076007][ T7610]  ? rwlock_bug.part.0+0x90/0x90
[   41.076007][ T7610]  ? do_raw_spin_lock+0x120/0x2d0
[   41.076007][ T7610]  dquot_load_quota_sb+0x715/0xfd0
[   41.076007][ T7610]  dquot_load_quota_inode+0x200/0x390
[   41.076007][ T7610]  ocfs2_enable_quotas+0x29b/0x550
[   41.076007][ T7610]  ? _raw_spin_unlock_irqrestore+0x3d/0x70
[   41.076007][ T7610]  ? ocfs2_disable_quotas.isra.0+0x150/0x150
[   41.076007][ T7610]  ? __wake_up_common+0x650/0x650
[   41.076007][ T7610]  ? swsusp_unmark.cold+0x1c/0x1c
[   41.076007][ T7610]  ocfs2_fill_super.cold+0x252/0x4b4
[   41.076007][ T7610]  ? ocfs2_initialize_super.isra.0+0x37e0/0x37e0
[   41.076007][ T7610]  ? pointer+0x810/0x810
[   41.076007][ T7610]  ? sget+0x447/0x550
[   41.076007][ T7610]  ? set_blocksize+0x273/0x2e0
[   41.076007][ T7610]  mount_bdev+0x34d/0x410
[   41.076007][ T7610]  ? ocfs2_initialize_super.isra.0+0x37e0/0x37e0
[   41.076007][ T7610]  ? __bpf_trace_ocfs2_rename+0x80/0x80
[   41.076007][ T7610]  legacy_get_tree+0x105/0x220
[   41.076007][ T7610]  ? __sanitizer_cov_trace_pc+0x1a/0x40
[   41.076007][ T7610]  ? ns_capable_common+0xdd/0x100
[   41.076007][ T7610]  vfs_get_tree+0x89/0x2f0
[   41.076007][ T7610]  path_mount+0x693/0x1cb0
[   41.076007][ T7610]  ? finish_automount+0x8b0/0x8b0
[   41.076007][ T7610]  ? kmem_cache_free+0x2c9/0x3e0
[   41.076007][ T7610]  ? putname+0xfe/0x140
[   41.076007][ T7610]  do_mount+0xf3/0x110
[   41.076007][ T7610]  ? path_mount+0x1cb0/0x1cb0
[   41.076007][ T7610]  ? __sanitizer_cov_trace_pc+0x1a/0x40
[   41.076007][ T7610]  __x64_sys_mount+0x18f/0x230
[   41.076007][ T7610]  do_syscall_64+0x35/0xb0
[   41.076007][ T7610]  entry_SYSCALL_64_after_hwframe+0x44/0xae
[   41.076007][ T7610] RIP: 0033:0x7fe0e666face
[   41.076007][ T7610] Code: 83 c4 08 5b 5d c3 66 0f 1f 44 00 00 c3 66 2e 0f 1f 84 00 00 00 00 00 0f 1f 44 00 00 f3 0f 1e fa 49 89 ca b8 a5 00 00 00 0f 05 <48> 3d 01 f0 ff ff 73 01 c3 48 c7 c1 c0 ff ff ff f7 d8 64 89 01 48
[   41.076007][ T7610] RSP: 002b:00007ffe7f354a98 EFLAGS: 00000282 ORIG_RAX: 00000000000000a5
[   41.076007][ T7610] RAX: ffffffffffffffda RBX: 0000000000000003 RCX: 00007fe0e666face
[   41.076007][ T7610] RDX: 0000000020004740 RSI: 0000000020004780 RDI: 00007ffe7f354ab0
[   41.076007][ T7610] RBP: 00007ffe7f354ab0 R08: 00007ffe7f354af0 R09: 0000000000004704
[   41.076007][ T7610] R10: 0000000000000400 R11: 0000000000000282 R12: 0000555555fdb840
[   41.076007][ T7610] R13: 00007ffe7f354af0 R14: 0000000000000400 R15: 0000000000000000
[   41.076007][ T7610] Modules linked in:
[   41.239837][ T7610] ---[ end trace 28cfff115b3595c1 ]---
[   41.242425][ T7610] RIP: 0010:ocfs2_qinfo_lock_res_init+0x98/0xf0
[   41.245472][ T7610] Code: 48 c1 ea 03 80 3c 02 00 75 6d 4c 8b a3 50 02 00 00 48 b8 00 00 00 00 00 fc ff df 49 8d bc 24 78 06 00 00 48 89 fa 48 c1 ea 03 <80> 3c 02 00 75 40 49 8b bc 24 78 06 00 00 48 83 c4 08 49 89 d8 48
[   41.254319][ T7610] RSP: 0018:ffffc900012d7788 EFLAGS: 00010216
[   41.257135][ T7610] RAX: dffffc0000000000 RBX: ffff88800011d800 RCX: ffff88801c53a300
[   41.260818][ T7610] RDX: 00000000000000cf RSI: ffff88801c53a300 RDI: 0000000000000678
[   41.264541][ T7610] RBP: ffff88800011d830 R08: ffffffff83218eaa R09: 000000000000001f
[   41.268135][ T7610] R10: 0000000000000005 R11: ffffed1000023b44 R12: 0000000000000000
[   41.271886][ T7610] R13: 0000000000000000 R14: ffff888029f80000 R15: ffff888029f80000
[   41.275625][ T7610] FS:  0000555555fdb880(0000) GS:ffff88807ed00000(0000) knlGS:0000000000000000
[   41.279684][ T7610] CS:  0010 DS: 0000 ES: 0000 CR0: 0000000080050033
[   41.283034][ T7610] CR2: 00007fc324a4f970 CR3: 000000001e41f000 CR4: 0000000000750ee0
[   41.286697][ T7610] PKRU: 55555554
[   41.288419][ T7610] Kernel panic - not syncing: Fatal exception
[   41.291347][ T7610] Kernel Offset: disabled
[   41.293154][ T7610] Rebooting in 86400 seconds..

VM DIAGNOSIS:
11:32:47  Registers:
info registers vcpu 0
RAX=000000000001ca67 RBX=0000000000000000 RCX=ffffffff8992a7a2 RDX=0000000000000000
RSI=0000000000000001 RDI=0000000000000000 RBP=0000000000000000 RSP=ffffffff8bc07e28
R8 =0000000000000001 R9 =ffffed1005846542 R10=ffff88802c232a0b R11=ffffed1005846541
R12=0000000000000000 R13=0000000000000000 R14=ffffffff8ddf8950 R15=0000000000000000
RIP=ffffffff89959c7b RFL=00000202 [-------] CPL=0 II=0 A20=1 SMM=0 HLT=1
ES =0000 0000000000000000 00000000 00000000
CS =0010 0000000000000000 ffffffff 00a09b00 DPL=0 CS64 [-RA]
SS =0018 0000000000000000 ffffffff 00c09300 DPL=0 DS   [-WA]
DS =0000 0000000000000000 00000000 00000000
FS =0000 0000000000000000 00000000 00000000
GS =0000 ffff88802c200000 00000000 00000000
LDT=0000 0000000000000000 00000000 00000000
TR =0040 fffffe0000003000 00004087 00008b00 DPL=0 TSS64-busy
GDT=     fffffe0000001000 0000007f
IDT=     fffffe0000000000 00000fff
CR0=80050033 CR2=0000555941e4009c CR3=0000000028954000 CR4=00750ef0
DR0=0000000000000000 DR1=0000000000000000 DR2=0000000000000000 DR3=0000000000000000 
DR6=00000000ffff0ff0 DR7=0000000000000400
EFER=0000000000000d01
FCW=037f FSW=0000 [ST=0] FTW=00 MXCSR=00001f80
FPR0=0000000000000000 0000 FPR1=0000000000000000 0000
FPR2=0000000000000000 0000 FPR3=0000000000000000 0000
FPR4=0000000000000000 0000 FPR5=0000000000000000 0000
FPR6=0000000000000000 0000 FPR7=0000000000000000 0000
XMM00=000007e8002b0000062f2003040e0b02 XMM01=00007f83d3879c4000007f83d38764a0
XMM02=ffffffffffffff0f0e0d0c0b0a090807 XMM03=00000000000000000000000000000000
XMM04=00000000000000000000000000000000 XMM05=00000000000000000000000000000000
XMM06=00000000000000000000000000000000 XMM07=00000000000000000000000000000000
XMM08=00000000000000200000000000002000 XMM09=0000ffffffffffffffffffffffffff00
XMM10=00000000000000000000000000000000 XMM11=00000000000000000000000000000000
XMM12=00000000000000000000000000000000 XMM13=00000000000000000000000000000000
XMM14=00000000000000000000000000000000 XMM15=00000000000000000000000000000000
info registers vcpu 1
RAX=0000000000008e86 RBX=0000000000000001 RCX=ffffffff8992a7a2 RDX=0000000000000001
RSI=0000000000000001 RDI=ffffffff8995a4fd RBP=0000000000000001 RSP=ffffc9000041fde0
R8 =0000000000000000 R9 =ffffed100fd86542 R10=ffff88807ec32a0b R11=ffffed100fd86541
R12=0000000000000001 R13=0000000000000001 R14=ffffffff8ddf8950 R15=0000000000000000
RIP=ffffffff89959c7b RFL=00000246 [---Z-P-] CPL=0 II=0 A20=1 SMM=0 HLT=1
ES =0000 0000000000000000 00000000 00000000
CS =0010 0000000000000000 ffffffff 00a09b00 DPL=0 CS64 [-RA]
SS =0018 0000000000000000 ffffffff 00c09300 DPL=0 DS   [-WA]
DS =0000 0000000000000000 00000000 00000000
FS =0000 0000000000000000 00000000 00000000
GS =0000 ffff88807ec00000 00000000 00000000
LDT=0000 0000000000000000 00000000 00000000
TR =0040 fffffe000003e000 00004087 00008b00 DPL=0 TSS64-busy
GDT=     fffffe000003c000 0000007f
IDT=     fffffe0000000000 00000fff
CR0=80050033 CR2=000055a6f03d30b8 CR3=000000001c9b0000 CR4=00750ee0
DR0=0000000000000000 DR1=0000000000000000 DR2=0000000000000000 DR3=0000000000000000 
DR6=00000000ffff0ff0 DR7=0000000000000400
EFER=0000000000000d01
FCW=037f FSW=0000 [ST=0] FTW=00 MXCSR=00001f80
FPR0=0000000000000000 0000 FPR1=0000000000000000 0000
FPR2=0000000000000000 0000 FPR3=0000000000000000 0000
FPR4=0000000000000000 0000 FPR5=0000000000000000 0000
FPR6=0000000000000000 0000 FPR7=0000000000000000 0000
XMM00=00000000000000000000000000000000 XMM01=000000696e656420737365636341002f
XMM02=ffffff0f0e0d0c0b0a09080706050403 XMM03=696e656420737365636341002f737973
XMM04=00000000000000000000000000000000 XMM05=00000000000000000000000000000000
XMM06=00000000000000000000000000000000 XMM07=00000000000000000000000000000000
XMM08=00000000000000000000000000000000 XMM09=0000ff00000000000000ff0000000000
XMM10=00000000000000000000000000000000 XMM11=00000000000000000000000000000000
XMM12=00000000000000000000000000000000 XMM13=00000000000000000000000000000000
XMM14=00000000000000000000000000000000 XMM15=00000000000000000000000000000000
info registers vcpu 2
RAX=0000000000006d70 RBX=0000000000000002 RCX=ffffffff8992a7a2 RDX=0000000000000001
RSI=0000000000000001 RDI=ffffffff8995a4fd RBP=0000000000000002 RSP=ffffc9000042fde0
R8 =0000000000000000 R9 =ffffed1005866542 R10=ffff88802c332a0b R11=ffffed1005866541
R12=0000000000000002 R13=0000000000000002 R14=ffffffff8ddf8950 R15=0000000000000000
RIP=ffffffff89959c7b RFL=00000246 [---Z-P-] CPL=0 II=0 A20=1 SMM=0 HLT=1
ES =0000 0000000000000000 00000000 00000000
CS =0010 0000000000000000 ffffffff 00a09b00 DPL=0 CS64 [-RA]
SS =0018 0000000000000000 ffffffff 00c09300 DPL=0 DS   [-WA]
DS =0000 0000000000000000 00000000 00000000
FS =0000 0000000000000000 00000000 00000000
GS =0000 ffff88802c300000 00000000 00000000
LDT=0000 0000000000000000 00000000 00000000
TR =0040 fffffe0000079000 00004087 00008b00 DPL=0 TSS64-busy
GDT=     fffffe0000077000 0000007f
IDT=     fffffe0000000000 00000fff
CR0=80050033 CR2=00007fe5fa74a898 CR3=0000000028954000 CR4=00750ee0
DR0=0000000000000000 DR1=0000000000000000 DR2=0000000000000000 DR3=0000000000000000 
DR6=00000000ffff0ff0 DR7=0000000000000400
EFER=0000000000000d01
FCW=037f FSW=0000 [ST=0] FTW=00 MXCSR=00001f80
FPR0=0000000000000000 0000 FPR1=0000000000000000 0000
FPR2=0000000000000000 0000 FPR3=0000000000000000 0000
FPR4=0000000000000000 0000 FPR5=0000000000000000 0000
FPR6=0000000000000000 0000 FPR7=0000000000000000 0000
XMM00=ffffffffffffffffffffffffffffffff XMM01=00007f83d3879c4000007f83d38764a0
XMM02=ffffffffffffff0f0e0d0c0b0a090807 XMM03=00000000000000000000000000000000
XMM04=00000000000000000000000000000000 XMM05=00000000000000000000000000000000
XMM06=00000000000000000000000000000000 XMM07=00000000000000000000000000000000
XMM08=00000000000000200000000000002000 XMM09=0000ffffffffffffffffffffffffff00
XMM10=00000000000000000000000000000000 XMM11=00000000000000000000000000000000
XMM12=00000000000000000000000000000000 XMM13=00000000000000000000000000000000
XMM14=00000000000000000000000000000000 XMM15=00000000000000000000000000000000
info registers vcpu 3
RAX=0000000000000033 RBX=00000000000003f8 RCX=0000000000000000 RDX=00000000000003f8
RSI=ffff88801c53a300 RDI=ffffffff969dda40 RBP=ffffffff969dda00 RSP=ffffc900012d7160
R8 =ffffffff8442d031 R9 =000000000000001f R10=0000000000000001 R11=fffffbfff1bbf12a
R12=0000000000000000 R13=0000000000000033 R14=ffffffff969dda00 R15=dffffc0000000000
RIP=ffffffff8442d05a RFL=00000002 [-------] CPL=0 II=0 A20=1 SMM=0 HLT=0
ES =0000 0000000000000000 00000000 00000000
CS =0010 0000000000000000 ffffffff 00a09b00 DPL=0 CS64 [-RA]
SS =0018 0000000000000000 ffffffff 00c09300 DPL=0 DS   [-WA]
DS =0000 0000000000000000 00000000 00000000
FS =0000 0000555555fdb880 00000000 00000000
GS =0000 ffff88807ed00000 00000000 00000000
LDT=0000 0000000000000000 00000000 00000000
TR =0040 fffffe00000b4000 00004087 00008b00 DPL=0 TSS64-busy
GDT=     fffffe00000b2000 0000007f
IDT=     fffffe0000000000 00000fff
CR0=80050033 CR2=00007fc324a4f970 CR3=000000001e41f000 CR4=00750ee0
DR0=0000000000000000 DR1=0000000000000000 DR2=0000000000000000 DR3=0000000000000000 
DR6=00000000ffff0ff0 DR7=0000000000000400
EFER=0000000000000d01
FCW=037f FSW=0000 [ST=0] FTW=00 MXCSR=00001f80
FPR0=0000000000000000 0000 FPR1=0000000000000000 0000
FPR2=0000000000000000 0000 FPR3=0000000000000000 0000
FPR4=0000000000000000 0000 FPR5=0000000000000000 0000
FPR6=0000000000000000 0000 FPR7=0000000000000000 0000
XMM00=ffffffffffffffffffffff0000000000 XMM01=01010101000101010101010000000000
XMM02=6365786500646975756f6e2c00736678 XMM03=30303030303d6d75746e6175715f656d
XMM04=0000000000ff000000000000000000ff XMM05=f2cca7a4ffff000000a9e00000000000
XMM06=00000000000000000000000000000000 XMM07=00000000000000000000000000000000
XMM08=00000000000000000000000000000000 XMM09=00000000000000000000000000000000
XMM10=00000000000000000000000000000000 XMM11=00000000000000000000000000000000
XMM12=00000000000000000000000000000000 XMM13=00000000000000000000000000000000
XMM14=00000000000000000000000000000000 XMM15=00000000000000000000000000000000
