Warning: Permanently added '[localhost]:58682' (ECDSA) to the list of known hosts.
[  566.401764][   T44] audit: type=1400 audit(1734539157.641:10): avc:  denied  { execmem } for  pid=418 comm="syz-executor633" scontext=unconfined_u:unconfined_r:unconfined_t:s0-s0:c0.c1023 tcontext=unconfined_u:unconfined_r:unconfined_t:s0-s0:c0.c1023 tclass=process permissive=1
executing program
[  566.427475][  T419] loop0: detected capacity change from 0 to 1024
[  566.431905][  T419] =======================================================
[  566.431905][  T419] WARNING: The mand mount option has been deprecated and
[  566.431905][  T419]          and is ignored by this kernel. Remove the mand
[  566.431905][  T419]          option from the mount to silence this warning.
[  566.431905][  T419] =======================================================
[  566.480526][  T418] hfsplus: request for non-existent node 67108864 in B*Tree
[  566.482982][  T418] hfsplus: request for non-existent node 67108864 in B*Tree
[  566.488238][  T418] ==================================================================
[  566.488400][  T418] BUG: KASAN: slab-out-of-bounds in hfsplus_bnode_read+0x31d/0x380
[  566.488400][  T418] Read of size 8 at addr ff11000007a625c0 by task syz-executor633/418
[  566.488400][  T418] 
[  566.488400][  T418] CPU: 1 UID: 0 PID: 418 Comm: syz-executor633 Not tainted 6.13.0-rc3 #5
[  566.488400][  T418] Hardware name: QEMU Standard PC (i440FX + PIIX, 1996), BIOS 1.13.0-1ubuntu1.1 04/01/2014
[  566.488400][  T418] Call Trace:
[  566.488400][  T418]  <TASK>
[  566.488400][  T418]  dump_stack_lvl+0x116/0x1b0
[  566.488400][  T418]  print_report+0xcf/0x5f0
[  566.488400][  T418]  ? srso_alias_return_thunk+0x5/0xfbef5
[  566.488400][  T418]  ? __phys_addr+0xeb/0x180
[  566.488400][  T418]  ? hfsplus_bnode_read+0x31d/0x380
[  566.488400][  T418]  kasan_report+0x93/0xc0
[  566.488400][  T418]  ? hfsplus_bnode_read+0x31d/0x380
[  566.488400][  T418]  hfsplus_bnode_read+0x31d/0x380
[  566.488400][  T418]  ? srso_alias_return_thunk+0x5/0xfbef5
[  566.488400][  T418]  hfsplus_bnode_dump+0x2c7/0x3a0
[  566.488400][  T418]  ? __pfx_hfsplus_bnode_dump+0x10/0x10
[  566.488400][  T418]  ? write_comp_data+0x29/0x90
[  566.488400][  T418]  ? srso_alias_return_thunk+0x5/0xfbef5
[  566.488400][  T418]  ? __mark_inode_dirty+0x2a4/0xdd0
[  566.488400][  T418]  hfsplus_brec_remove+0x3e4/0x4f0
[  566.488400][  T418]  __hfsplus_delete_attr+0x290/0x3a0
[  566.488400][  T418]  ? __pfx_hfsplus_brec_find+0x10/0x10
[  566.488400][  T418]  ? __pfx___hfsplus_delete_attr+0x10/0x10
[  566.488400][  T418]  ? srso_alias_return_thunk+0x5/0xfbef5
[  566.488400][  T418]  ? srso_alias_return_thunk+0x5/0xfbef5
[  566.488400][  T418]  ? srso_alias_return_thunk+0x5/0xfbef5
[  566.488400][  T418]  ? __sanitizer_cov_trace_pc+0x20/0x60
[  566.488400][  T418]  ? srso_alias_return_thunk+0x5/0xfbef5
[  566.488400][  T418]  hfsplus_delete_all_attrs+0x13f/0x270
[  566.488400][  T418]  ? __pfx_hfsplus_delete_all_attrs+0x10/0x10
[  566.488400][  T418]  ? write_comp_data+0x29/0x90
[  566.488400][  T418]  ? srso_alias_return_thunk+0x5/0xfbef5
[  566.488400][  T418]  ? __mark_inode_dirty+0x2a4/0xdd0
[  566.488400][  T418]  hfsplus_delete_cat+0x681/0xb70
[  566.488400][  T418]  ? __pfx_hfsplus_delete_cat+0x10/0x10
[  566.488400][  T418]  ? write_comp_data+0x29/0x90
[  566.488400][  T418]  ? srso_alias_return_thunk+0x5/0xfbef5
[  566.488400][  T418]  hfsplus_unlink+0x1cf/0x7d0
[  566.488400][  T418]  ? __pfx_hfsplus_unlink+0x10/0x10
[  566.488400][  T418]  ? srso_alias_safe_ret+0x6/0x7
[  566.488400][  T418]  ? srso_alias_return_thunk+0x5/0xfbef5
[  566.488400][  T418]  ? down_write+0x14e/0x200
[  566.488400][  T418]  ? __pfx_down_write+0x10/0x10
[  566.488400][  T418]  ? may_delete+0x578/0x830
[  566.488400][  T418]  ? srso_alias_return_thunk+0x5/0xfbef5
[  566.488400][  T418]  ? write_comp_data+0x29/0x90
[  566.488400][  T418]  ? srso_alias_return_thunk+0x5/0xfbef5
[  566.488400][  T418]  vfs_unlink+0x30e/0x9f0
[  566.488400][  T418]  ? srso_alias_return_thunk+0x5/0xfbef5
[  566.488400][  T418]  do_unlinkat+0x574/0x750
[  566.488400][  T418]  ? write_comp_data+0x29/0x90
[  566.488400][  T418]  ? __pfx_do_unlinkat+0x10/0x10
[  566.488400][  T418]  ? srso_alias_return_thunk+0x5/0xfbef5
[  566.488400][  T418]  ? __check_object_size+0x3c9/0x810
[  566.488400][  T418]  ? srso_alias_return_thunk+0x5/0xfbef5
[  566.488400][  T418]  ? srso_alias_return_thunk+0x5/0xfbef5
[  566.488400][  T418]  ? __sanitizer_cov_trace_pc+0x20/0x60
[  566.488400][  T418]  ? strncpy_from_user+0x21a/0x2f0
[  566.488400][  T418]  ? srso_alias_return_thunk+0x5/0xfbef5
[  566.488400][  T418]  ? __sanitizer_cov_trace_pc+0x20/0x60
[  566.488400][  T418]  ? srso_alias_return_thunk+0x5/0xfbef5
[  566.488400][  T418]  __x64_sys_unlink+0x40/0x50
[  566.488400][  T418]  do_syscall_64+0xc3/0x1d0
[  566.488400][  T418]  entry_SYSCALL_64_after_hwframe+0x77/0x7f
[  566.488400][  T418] RIP: 0033:0x7f5da2761f5b
[  566.488400][  T418] Code: 73 01 c3 48 c7 c1 c0 ff ff ff f7 d8 64 89 01 48 83 c8 ff c3 66 2e 0f 1f 84 00 00 00 00 00 90 f3 0f 1e fa b8 57 00 00 00 0f 05 <48> 3d 01 f0 ff ff 73 01 c3 48 c7 c1 c0 ff ff ff f7 d8 64 89 01 48
[  566.488400][  T418] RSP: 002b:00007fff14c29d38 EFLAGS: 00000206 ORIG_RAX: 0000000000000057
[  566.488400][  T418] RAX: ffffffffffffffda RBX: 0000000000000000 RCX: 00007f5da2761f5b
[  566.488400][  T418] RDX: 00007fff14c29d60 RSI: 00007fff14c29d60 RDI: 00007fff14c29df0
[  566.488400][  T418] RBP: 00007fff14c29df0 R08: 0000000000000001 R09: 00007fff14c29bc0
[  566.488400][  T418] R10: 00000000fffffffb R11: 0000000000000206 R12: 00007fff14c2aef0
[  566.488400][  T418] R13: 00005555555cebb0 R14: 00007fff14c29d58 R15: 0000000000000001
[  566.488400][  T418]  </TASK>
[  566.488400][  T418] 
[  566.488400][  T418] Allocated by task 418:
[  566.488400][  T418]  kasan_save_stack+0x24/0x50
[  566.488400][  T418]  kasan_save_track+0x14/0x30
[  566.488400][  T418]  __kasan_kmalloc+0xaa/0xb0
[  566.488400][  T418]  __kmalloc_noprof+0x1ef/0x570
[  566.488400][  T418]  __hfs_bnode_create+0x106/0x710
[  566.488400][  T418]  hfsplus_bnode_find+0x1cc/0xb80
[  566.488400][  T418]  hfsplus_brec_find+0x2b3/0x530
[  566.488400][  T418]  hfsplus_find_attr+0x12e/0x170
[  566.488400][  T418]  hfsplus_delete_all_attrs+0x170/0x270
[  566.488400][  T418]  hfsplus_delete_cat+0x681/0xb70
[  566.488400][  T418]  hfsplus_rmdir+0x106/0x1b0
[  566.488400][  T418]  vfs_rmdir+0x2ae/0x680
[  566.488400][  T418]  do_rmdir+0x36a/0x3d0
[  566.488400][  T418]  __x64_sys_rmdir+0x40/0x50
[  566.488400][  T418]  do_syscall_64+0xc3/0x1d0
[  566.488400][  T418]  entry_SYSCALL_64_after_hwframe+0x77/0x7f
[  566.488400][  T418] 
[  566.488400][  T418] The buggy address belongs to the object at ff11000007a62500
[  566.488400][  T418]  which belongs to the cache kmalloc-192 of size 192
[  566.488400][  T418] The buggy address is located 40 bytes to the right of
[  566.488400][  T418]  allocated 152-byte region [ff11000007a62500, ff11000007a62598)
[  566.488400][  T418] 
[  566.488400][  T418] The buggy address belongs to the physical page:
[  566.488400][  T418] page: refcount:1 mapcount:0 mapping:0000000000000000 index:0xff11000007a62100 pfn:0x7a62
[  566.488400][  T418] anon flags: 0x100000000000000(node=0|zone=1)
[  566.488400][  T418] page_type: f5(slab)
[  566.488400][  T418] raw: 0100000000000000 ff1100000103c3c0 0000000000000000 dead000000000001
[  566.488400][  T418] raw: ff11000007a62100 000000008010000d 00000001f5000000 0000000000000000
[  566.488400][  T418] page dumped because: kasan: bad access detected
[  566.488400][  T418] 
[  566.488400][  T418] Memory state around the buggy address:
[  566.488400][  T418]  ff11000007a62480: fb fb fb fb fb fb fb fb fc fc fc fc fc fc fc fc
[  566.488400][  T418]  ff11000007a62500: 00 00 00 00 00 00 00 00 00 00 00 00 00 00 00 00
[  566.488400][  T418] >ff11000007a62580: 00 00 00 fc fc fc fc fc fc fc fc fc fc fc fc fc
[  566.488400][  T418]                                            ^
[  566.488400][  T418]  ff11000007a62600: fa fb fb fb fb fb fb fb fb fb fb fb fb fb fb fb
[  566.488400][  T418]  ff11000007a62680: fb fb fb fb fb fb fb fb fc fc fc fc fc fc fc fc
[  566.488400][  T418] ==================================================================
[  566.688236][  T418] Disabling lock debugging due to kernel taint
[  566.690161][  T418] Oops: general protection fault, maybe for address 0xffa000000008f888: 0000 [#1] PREEMPT SMP KASAN NOPTI
[  566.692122][  T418] CPU: 1 UID: 0 PID: 418 Comm: syz-executor633 Tainted: G    B              6.13.0-rc3 #5
[  566.695473][  T418] Tainted: [B]=BAD_PAGE
[  566.697440][  T418] Hardware name: QEMU Standard PC (i440FX + PIIX, 1996), BIOS 1.13.0-1ubuntu1.1 04/01/2014
[  566.699473][  T418] RIP: 0010:memcpy+0xc/0x20
[  566.701436][  T418] Code: 69 25 fb e9 d5 fe ff ff 66 0f 1f 44 00 00 90 90 90 90 90 90 90 90 90 90 90 90 90 90 90 90 f3 0f 1e fa 66 90 48 89 f8 48 89 d1 <f3> a4 e9 68 40 23 00 66 66 2e 0f 1f 84 00 00 00 00 00 66 90 90 90
[  566.705440][  T418] RSP: 0018:ffa000000008f7f0 EFLAGS: 00010202
[  566.707473][  T418] RAX: ffa000000008f888 RBX: 0000000000000232 RCX: 0000000000000002
[  566.711427][  T418] RDX: 0000000000000002 RSI: cb91514000006232 RDI: ffa000000008f888
[  566.713441][  T418] RBP: 0000000000000002 R08: fff3fc0000011f11 R09: fff3fc0000011f12
[  566.715435][  T418] R10: fff3fc0000011f11 R11: 0000000000000001 R12: 0000000000000002
[  566.717463][  T418] R13: ffa000000008f888 R14: ff11000007a625c0 R15: ffffffffa48811f0
[  566.719428][  T418] FS:  00005555555c5880(0000) GS:ff1100006a280000(0000) knlGS:0000000000000000
[  566.721468][  T418] CS:  0010 DS: 0000 ES: 0000 CR0: 0000000080050033
[  566.723430][  T418] CR2: 00007f237f8ddbe0 CR3: 0000000005224004 CR4: 0000000000771ef0
[  566.726459][  T418] PKRU: 55555554
[  566.727466][  T418] Call Trace:
[  566.728447][  T418]  <TASK>
[  566.728447][  T418]  ? __die_body+0x1a/0x60
[  566.731440][  T418]  ? die_addr+0x42/0x70
[  566.732427][  T418]  ? exc_general_protection+0x1a3/0x330
[  566.734431][  T418]  ? asm_exc_general_protection+0x26/0x30
[  566.735498][  T418]  ? memcpy+0xc/0x20
[  566.736440][  T418]  hfsplus_bnode_read+0x13b/0x380
[  566.738440][  T418]  hfsplus_bnode_dump+0x2c7/0x3a0
[  566.739437][  T418]  ? __pfx_hfsplus_bnode_dump+0x10/0x10
[  566.740479][  T418]  ? write_comp_data+0x29/0x90
[  566.743437][  T418]  ? srso_alias_return_thunk+0x5/0xfbef5
[  566.744514][  T418]  ? __mark_inode_dirty+0x2a4/0xdd0
[  566.746435][  T418]  hfsplus_brec_remove+0x3e4/0x4f0
[  566.747434][  T418]  __hfsplus_delete_attr+0x290/0x3a0
[  566.748501][  T418]  ? __pfx_hfsplus_brec_find+0x10/0x10
[  566.751435][  T418]  ? __pfx___hfsplus_delete_attr+0x10/0x10
[  566.752521][  T418]  ? srso_alias_return_thunk+0x5/0xfbef5
[  566.754438][  T418]  ? srso_alias_return_thunk+0x5/0xfbef5
[  566.756494][  T418]  ? srso_alias_return_thunk+0x5/0xfbef5
[  566.756494][  T418]  ? __sanitizer_cov_trace_pc+0x20/0x60
[  566.759436][  T418]  ? srso_alias_return_thunk+0x5/0xfbef5
[  566.760525][  T418]  hfsplus_delete_all_attrs+0x13f/0x270
[  566.762439][  T418]  ? __pfx_hfsplus_delete_all_attrs+0x10/0x10
[  566.764510][  T418]  ? write_comp_data+0x29/0x90
[  566.764510][  T418]  ? srso_alias_return_thunk+0x5/0xfbef5
[  566.767436][  T418]  ? __mark_inode_dirty+0x2a4/0xdd0
[  566.768494][  T418]  hfsplus_delete_cat+0x681/0xb70
[  566.770438][  T418]  ? __pfx_hfsplus_delete_cat+0x10/0x10
[  566.772430][  T418]  ? write_comp_data+0x29/0x90
[  566.773462][  T418]  ? srso_alias_return_thunk+0x5/0xfbef5
[  566.775435][  T418]  hfsplus_unlink+0x1cf/0x7d0
[  566.776426][  T418]  ? __pfx_hfsplus_unlink+0x10/0x10
[  566.778465][  T418]  ? srso_alias_safe_ret+0x6/0x7
[  566.779435][  T418]  ? srso_alias_return_thunk+0x5/0xfbef5
[  566.781428][  T418]  ? down_write+0x14e/0x200
[  566.783435][  T418]  ? __pfx_down_write+0x10/0x10
[  566.783435][  T418]  ? may_delete+0x578/0x830
[  566.786436][  T418]  ? srso_alias_return_thunk+0x5/0xfbef5
[  566.787479][  T418]  ? write_comp_data+0x29/0x90
[  566.789429][  T418]  ? srso_alias_return_thunk+0x5/0xfbef5
[  566.790430][  T418]  vfs_unlink+0x30e/0x9f0
[  566.792458][  T418]  ? srso_alias_return_thunk+0x5/0xfbef5
[  566.793432][  T418]  do_unlinkat+0x574/0x750
[  566.795435][  T418]  ? write_comp_data+0x29/0x90
[  566.796509][  T418]  ? __pfx_do_unlinkat+0x10/0x10
[  566.798427][  T418]  ? srso_alias_return_thunk+0x5/0xfbef5
[  566.799434][  T418]  ? __check_object_size+0x3c9/0x810
[  566.801465][  T418]  ? srso_alias_return_thunk+0x5/0xfbef5
[  566.803433][  T418]  ? srso_alias_return_thunk+0x5/0xfbef5
[  566.803433][  T418]  ? __sanitizer_cov_trace_pc+0x20/0x60
[  566.806431][  T418]  ? strncpy_from_user+0x21a/0x2f0
[  566.807434][  T418]  ? srso_alias_return_thunk+0x5/0xfbef5
[  566.809427][  T418]  ? __sanitizer_cov_trace_pc+0x20/0x60
[  566.811435][  T418]  ? srso_alias_return_thunk+0x5/0xfbef5
[  566.813426][  T418]  __x64_sys_unlink+0x40/0x50
[  566.814465][  T418]  do_syscall_64+0xc3/0x1d0
[  566.815434][  T418]  entry_SYSCALL_64_after_hwframe+0x77/0x7f
[  566.817429][  T418] RIP: 0033:0x7f5da2761f5b
[  566.818436][  T418] Code: 73 01 c3 48 c7 c1 c0 ff ff ff f7 d8 64 89 01 48 83 c8 ff c3 66 2e 0f 1f 84 00 00 00 00 00 90 f3 0f 1e fa b8 57 00 00 00 0f 05 <48> 3d 01 f0 ff ff 73 01 c3 48 c7 c1 c0 ff ff ff f7 d8 64 89 01 48
[  566.824458][  T418] RSP: 002b:00007fff14c29d38 EFLAGS: 00000206 ORIG_RAX: 0000000000000057
[  566.826436][  T418] RAX: ffffffffffffffda RBX: 0000000000000000 RCX: 00007f5da2761f5b
[  566.829431][  T418] RDX: 00007fff14c29d60 RSI: 00007fff14c29d60 RDI: 00007fff14c29df0
[  566.831434][  T418] RBP: 00007fff14c29df0 R08: 0000000000000001 R09: 00007fff14c29bc0
[  566.833441][  T418] R10: 00000000fffffffb R11: 0000000000000206 R12: 00007fff14c2aef0
[  566.835433][  T418] R13: 00005555555cebb0 R14: 00007fff14c29d58 R15: 0000000000000001
[  566.838425][  T418]  </TASK>
[  566.839434][  T418] Modules linked in:
[  566.841275][  T418] ---[ end trace 0000000000000000 ]---
[  566.842979][  T418] RIP: 0010:memcpy+0xc/0x20
[  566.844507][  T418] Code: 69 25 fb e9 d5 fe ff ff 66 0f 1f 44 00 00 90 90 90 90 90 90 90 90 90 90 90 90 90 90 90 90 f3 0f 1e fa 66 90 48 89 f8 48 89 d1 <f3> a4 e9 68 40 23 00 66 66 2e 0f 1f 84 00 00 00 00 00 66 90 90 90
[  566.850168][  T418] RSP: 0018:ffa000000008f7f0 EFLAGS: 00010202
[  566.852124][  T418] RAX: ffa000000008f888 RBX: 0000000000000232 RCX: 0000000000000002
[  566.854571][  T418] RDX: 0000000000000002 RSI: cb91514000006232 RDI: ffa000000008f888
[  566.857016][  T418] RBP: 0000000000000002 R08: fff3fc0000011f11 R09: fff3fc0000011f12
[  566.859523][  T418] R10: fff3fc0000011f11 R11: 0000000000000001 R12: 0000000000000002
[  566.861980][  T418] R13: ffa000000008f888 R14: ff11000007a625c0 R15: ffffffffa48811f0
[  566.864482][  T418] FS:  00005555555c5880(0000) GS:ff1100006a280000(0000) knlGS:0000000000000000
[  566.867364][  T418] CS:  0010 DS: 0000 ES: 0000 CR0: 0000000080050033
[  566.869551][  T418] CR2: 00007f237f8ddbe0 CR3: 0000000005224004 CR4: 0000000000771ef0
[  566.872028][  T418] PKRU: 55555554
[  566.873251][  T418] Kernel panic - not syncing: Fatal exception
[  566.874457][  T418] Kernel Offset: 0x19400000 from 0xffffffff81000000 (relocation range: 0xffffffff80000000-0xffffffffbfffffff)
[  566.874457][  T418] Rebooting in 86400 seconds..

VM DIAGNOSIS:
00:25:58  Registers:
info registers vcpu 0
RAX=00000000000b0fb1 RBX=0000000000000000 RCX=ffffffffa26cef91 RDX=0000000000000000
RSI=0000000000000001 RDI=0000000000000000 RBP=dffffc0000000000 RSP=ffffffffa4c07e00
R8 =0000000000000001 R9 =ffe21c000d446cc3 R10=ffe21c000d446cc2 R11=ff1100006a236613
R12=0000000000000000 R13=ffffffffa6dbce10 R14=0000000000000000 R15=0000000000000000
RIP=ffffffffa26d04de RFL=00000206 [-----P-] CPL=0 II=0 A20=1 SMM=0 HLT=1
ES =0000 0000000000000000 00000000 00000000
CS =0010 0000000000000000 ffffffff 00a09b00 DPL=0 CS64 [-RA]
SS =0018 0000000000000000 ffffffff 00c09300 DPL=0 DS   [-WA]
DS =0000 0000000000000000 00000000 00000000
FS =0000 0000000000000000 00000000 00000000
GS =0000 ff1100006a200000 00000000 00000000
LDT=0000 0000000000000000 00000000 00000000
TR =0040 fffffe69794de000 00004087 00008b00 DPL=0 TSS64-busy
GDT=     fffffe69794dc000 0000007f
IDT=     fffffe0000000000 00000fff
CR0=80050033 CR2=0000564f6e70bf90 CR3=0000000002cbe006 CR4=00771ef0
DR0=0000000000000000 DR1=0000000000000000 DR2=0000000000000000 DR3=0000000000000000 
DR6=00000000ffff0ff0 DR7=0000000000000400
EFER=0000000000000d01
FCW=037f FSW=0000 [ST=0] FTW=00 MXCSR=00001f80
FPR0=0000000000000000 0000 FPR1=0000000000000000 0000
FPR2=0000000000000000 0000 FPR3=0000000000000000 0000
FPR4=0000000000000000 0000 FPR5=0000000000000000 0000
FPR6=0000000000000000 0000 FPR7=0000000000000000 0000
XMM00=ffffffffffffffffffffffffffffffff XMM01=00007f6e250f3c4000007f6e250f04a0
XMM02=ffffffffffffff0f0e0d0c0b0a090807 XMM03=00000000000000000000000000000000
XMM04=00000000000000000000000000000000 XMM05=00000000000000000000000000000000
XMM06=00000000000000000000000000000000 XMM07=00000000000000000000000000000000
XMM08=00000000000000200000000000002000 XMM09=0000ffffffffffffffffffffffffff00
XMM10=00000000000000000000000000000000 XMM11=00000000000000000000000000000000
XMM12=00000000000000000000000000000000 XMM13=00000000000000000000000000000000
XMM14=00000000000000000000000000000000 XMM15=00000000000000000000000000000000
info registers vcpu 1
RAX=0000000000000038 RBX=0000000000000000 RCX=0000000000000000 RDX=00000000000003f8
RSI=ff11000001de2340 RDI=ffffffffb094c180 RBP=ffffffffb094c140 RSP=ffa000000008f230
R8 =fff3fc0000011e00 R9 =ffe21c0000e39047 R10=ffe21c0000e39046 R11=ff110000071c8237
R12=0000000000000000 R13=0000000000000038 R14=0000000000000000 R15=0000000000000010
RIP=ffffffff9dd58a4f RFL=00000002 [-------] CPL=0 II=0 A20=1 SMM=0 HLT=0
ES =0000 0000000000000000 00000000 00000000
CS =0010 0000000000000000 ffffffff 00a09b00 DPL=0 CS64 [-RA]
SS =0018 0000000000000000 ffffffff 00c09300 DPL=0 DS   [-WA]
DS =0000 0000000000000000 00000000 00000000
FS =0000 00005555555c5880 00000000 00000000
GS =0000 ff1100006a280000 00000000 00000000
LDT=0000 0000000000000000 00000000 00000000
TR =0040 fffffe6d85028000 00004087 00008b00 DPL=0 TSS64-busy
GDT=     fffffe6d85026000 0000007f
IDT=     fffffe0000000000 00000fff
CR0=80050033 CR2=00007f237f8ddbe0 CR3=0000000005224004 CR4=00771ef0
DR0=0000000000000000 DR1=0000000000000000 DR2=0000000000000000 DR3=0000000000000000 
DR6=00000000ffff0ff0 DR7=0000000000000400
EFER=0000000000000d01
FCW=037f FSW=0000 [ST=0] FTW=00 MXCSR=00001f80
FPR0=0000000000000000 0000 FPR1=0000000000000000 0000
FPR2=0000000000000000 0000 FPR3=0000000000000000 0000
FPR4=0000000000000000 0000 FPR5=0000000000000000 0000
FPR6=0000000000000000 0000 FPR7=0000000000000000 0000
XMM00=00000000000000000000000000000000 XMM01=a484cc6831d7b39c024880cbe057a24f
XMM02=ffffffffffffff0f0e0d0c0b0a090807 XMM03=3831343d6469702020726f66207d206d
XMM04=40404040404040404040404040404040 XMM05=5a5a5a5a5a5a5a5a5a5a5a5a5a5a5a5a
XMM06=20202020202020202020202020202020 XMM07=ffffffffff0000ff000000ffffff0000
XMM08=00000000000000000000000000000000 XMM09=ffff00000000ffffffffffffffff0000
XMM10=20200000000020202020202020200000 XMM11=00000000000000000000000000000000
XMM12=00000000000000000000000000000000 XMM13=00000000000000000000000000000000
XMM14=00000000000000000000000000000000 XMM15=00000000000000000000000000000000
info registers vcpu 2
RAX=0000000000000050 RBX=ff11000001d3fc21 RCX=ffffffff9d293968 RDX=0000000000000050
RSI=ff110000097bc680 RDI=0000000000000003 RBP=0000000000000071 RSP=ffa00000036976e0
R8 =0000000000000000 R9 =ff110000695edfc0 R10=ffa00000036976e0 R11=ffffffffa6dbce17
R12=ff1100000dbfcff8 R13=0000000000000027 R14=0000000000000021 R15=dffffc0000000000
RIP=ffffffff9d29396c RFL=00000246 [---Z-P-] CPL=0 II=0 A20=1 SMM=0 HLT=0
ES =0000 0000000000000000 00000000 00000000
CS =0010 0000000000000000 ffffffff 00a09b00 DPL=0 CS64 [-RA]
SS =0018 0000000000000000 ffffffff 00c09300 DPL=0 DS   [-WA]
DS =0000 0000000000000000 00000000 00000000
FS =0000 00007f16a30938c0 00000000 00000000
GS =0000 ff1100006a300000 00000000 00000000
LDT=0000 0000000000000000 00000000 00000000
TR =0040 fffffe332fb21000 00004087 00008b00 DPL=0 TSS64-busy
GDT=     fffffe332fb1f000 0000007f
IDT=     fffffe0000000000 00000fff
CR0=80050033 CR2=00005584bda26128 CR3=0000000006938003 CR4=00771ef0
DR0=0000000000000000 DR1=0000000000000000 DR2=0000000000000000 DR3=0000000000000000 
DR6=00000000ffff0ff0 DR7=0000000000000400
EFER=0000000000000d01
FCW=037f FSW=0000 [ST=0] FTW=00 MXCSR=00001f80
FPR0=0000000000000000 0000 FPR1=0000000000000000 0000
FPR2=0000000000000000 0000 FPR3=0000000000000000 0000
FPR4=0000000000000000 0000 FPR5=0000000000000000 0000
FPR6=0000000000000000 0000 FPR7=0000000000000000 0000
XMM00=000000000000000000006c696146002f XMM01=0000000000000000000000000064002f
XMM02=ffffffffffffffffffffffffff0f0e0d XMM03=6572206f742064656c69614600737973
XMM04=0000000000000000000000000000009b XMM05=00000000000000000000000000000000
XMM06=00000000000000000000000000000000 XMM07=00000000000000000000000000000000
XMM08=20202020000000000000000000000000 XMM09=ffffffff000000000000000000000000
XMM10=20202020000000000000000000000000 XMM11=00000000000000000000000000000000
XMM12=00000000000000000000000000000000 XMM13=00000000000000000000000000000000
XMM14=00000000000000000000000000000000 XMM15=00000000000000000000000000000000
info registers vcpu 3
RAX=0000000000000000 RBX=0000000000000007 RCX=ffffffff9d1e47fe RDX=0000000000000001
RSI=ff110000098e0000 RDI=0000000000000002 RBP=0000000000000082 RSP=ffa0000001d6f8f8
R8 =0000000000000000 R9 =fffffbfff599ead5 R10=fffffbfff599ead4 R11=ffffffffaccf56a7
R12=0000000000000082 R13=0000000000000006 R14=0000000000000001 R15=0000000000000000
RIP=ffffffff9d1e4a9f RFL=00000246 [---Z-P-] CPL=0 II=0 A20=1 SMM=0 HLT=0
ES =0000 0000000000000000 00000000 00000000
CS =0010 0000000000000000 ffffffff 00a09b00 DPL=0 CS64 [-RA]
SS =0018 0000000000000000 ffffffff 00c09300 DPL=0 DS   [-WA]
DS =0000 0000000000000000 00000000 00000000
FS =0000 00007f16a30938c0 00000000 00000000
GS =0000 ff1100006a380000 00000000 00000000
LDT=0000 0000000000000000 00000000 00000000
TR =0040 fffffe7d75dcf000 00004087 00008b00 DPL=0 TSS64-busy
GDT=     fffffe7d75dcd000 0000007f
IDT=     fffffe0000000000 00000fff
CR0=80050033 CR2=00005584bd0cc300 CR3=0000000004732005 CR4=00771ef0
DR0=0000000000000000 DR1=0000000000000000 DR2=0000000000000000 DR3=0000000000000000 
DR6=00000000ffff0ff0 DR7=0000000000000400
EFER=0000000000000d01
FCW=037f FSW=0000 [ST=0] FTW=00 MXCSR=00001f80
FPR0=0000000000000000 0000 FPR1=0000000000000000 0000
FPR2=0000000000000000 0000 FPR3=0000000000000000 0000
FPR4=0000000000000000 0000 FPR5=0000000000000000 0000
FPR6=0000000000000000 0000 FPR7=0000000000000000 0000
XMM00=000000000000000000006c696146002f XMM01=00007ffffe8604800000003000000018
XMM02=ffff0f0e0d0c0b0a0908070605040302 XMM03=000000000064656c7469746e752f6c65
XMM04=00000000000000000000000000000000 XMM05=00000000000000000000000000000000
XMM06=00000000000000000000000000000000 XMM07=00000000000000000000000000000000
XMM08=20202020000000000000000000000000 XMM09=ffffffff000000000000000000000000
XMM10=20202020000000000000000000000000 XMM11=00000000000000000000000000000000
XMM12=00000000000000000000000000000000 XMM13=00000000000000000000000000000000
XMM14=00000000000000000000000000000000 XMM15=00000000000000000000000000000000
