Warning: Permanently added '[localhost]:2473' (ECDSA) to the list of known hosts.
[   89.653704][   T44] audit: type=1400 audit(1735970499.719:10): avc:  denied  { execmem } for  pid=420 comm="syz-executor140" scontext=unconfined_u:unconfined_r:unconfined_t:s0-s0:c0.c1023 tcontext=unconfined_u:unconfined_r:unconfined_t:s0-s0:c0.c1023 tclass=process permissive=1
executing program
[   89.673931][  T421] loop0: detected capacity change from 0 to 256
[   89.678595][  T421] =======================================================
[   89.678595][  T421] WARNING: The mand mount option has been deprecated and
[   89.678595][  T421]          and is ignored by this kernel. Remove the mand
[   89.678595][  T421]          option from the mount to silence this warning.
[   89.678595][  T421] =======================================================
[   89.700073][  T421] exFAT-fs (loop0): failed to load upcase table (idx : 0x00010000, chksum : 0xc61917cc, utbl_chksum : 0xe619d30d)
[   89.748725][  T420] exFAT-fs (loop0): valid_size(9000) is greater than size(9)
[  117.740158][    C1] watchdog: BUG: soft lockup - CPU#1 stuck for 26s! [syz-executor140:420]
[  117.740231][    C1] Modules linked in:
[  117.740231][    C1] irq event stamp: 163590
[  117.740231][    C1] hardirqs last  enabled at (163589): [<ffffffff9c4d07eb>] irqentry_exit+0x3b/0x90
[  117.746428][    C1] hardirqs last disabled at (163590): [<ffffffff9c4cedbf>] sysvec_apic_timer_interrupt+0xf/0xb0
[  117.746428][    C1] softirqs last  enabled at (163576): [<ffffffff9450f554>] handle_softirqs+0x544/0x870
[  117.746428][    C1] softirqs last disabled at (163555): [<ffffffff9451120e>] irq_exit_rcu+0xee/0x140
[  117.746428][    C1] CPU: 1 UID: 0 PID: 420 Comm: syz-executor140 Not tainted 6.13.0-rc5 #1
[  117.746428][    C1] Hardware name: QEMU Standard PC (i440FX + PIIX, 1996), BIOS 1.13.0-1ubuntu1.1 04/01/2014
[  117.746428][    C1] RIP: 0010:exfat_clear_bitmap+0x3f1/0x580
[  117.746428][    C1] Code: 24 60 01 00 00 b9 40 0c 00 00 4c 89 fa e8 57 10 ff 01 bf a1 ff ff ff 89 c3 89 c6 e8 49 52 5f ff 83 fb a1 74 13 48 83 c4 18 5b <5d> 41 5c 41 5d 41 5e 41 5f e9 01 50 5f ff e8 fc 4f 5f ff 49 8d b4
[  117.746428][    C1] RSP: 0018:ffa00000035f7a90 EFLAGS: 00000286
[  117.746428][    C1] RAX: 0000000000000000 RBX: 0000000000006ccc RCX: ffffffff952a4d03
[  117.746428][    C1] RDX: 0000000000000011 RSI: ff110000118ba340 RDI: 0000000000000003
[  117.746428][    C1] RBP: ff110000131cc000 R08: 0000000000000000 R09: fffffbfff4d5f0ed
[  117.746428][    C1] R10: fffffbfff4d5f0ec R11: 0000000000000001 R12: ff110000131ce000
[  117.746428][    C1] R13: 0000000000000011 R14: 0000000000000000 R15: 0000000006cccf6b
[  117.746428][    C1] FS:  000055556ed2d880(0000) GS:ff11000053a80000(0000) knlGS:0000000000000000
[  117.746428][    C1] CS:  0010 DS: 0000 ES: 0000 CR0: 0000000080050033
[  117.746428][    C1] CR2: 00007ffe1b6fdd18 CR3: 000000000db32002 CR4: 0000000000771ef0
[  117.746428][    C1] PKRU: 55555554
[  117.746428][    C1] Call Trace:
[  117.746428][    C1]  <IRQ>
[  117.746428][    C1]  ? watchdog_timer_fn+0x548/0x770
[  117.746428][    C1]  ? __hrtimer_run_queues+0x607/0xca0
[  117.746428][    C1]  ? __pfx_watchdog_timer_fn+0x10/0x10
[  117.746428][    C1]  ? __pfx___hrtimer_run_queues+0x10/0x10
[  117.746428][    C1]  ? srso_alias_return_thunk+0x5/0xfbef5
[  117.746428][    C1]  ? __sanitizer_cov_trace_pc+0x20/0x60
[  117.746428][    C1]  ? srso_alias_return_thunk+0x5/0xfbef5
[  117.746428][    C1]  ? hrtimer_interrupt+0x39a/0x880
[  117.746428][    C1]  ? __sysvec_apic_timer_interrupt+0x114/0x400
[  117.746428][    C1]  ? sysvec_apic_timer_interrupt+0x8f/0xb0
[  117.746428][    C1]  </IRQ>
[  117.746428][    C1]  <TASK>
[  117.746428][    C1]  ? asm_sysvec_apic_timer_interrupt+0x1a/0x20
[  117.746428][    C1]  ? exfat_clear_bitmap+0xc3/0x580
[  117.746428][    C1]  ? exfat_clear_bitmap+0x3f1/0x580
[  117.746428][    C1]  __exfat_free_cluster+0x775/0x980
[  117.746428][    C1]  ? __pfx___exfat_free_cluster+0x10/0x10
[  117.746428][    C1]  ? srso_alias_return_thunk+0x5/0xfbef5
[  117.746428][    C1]  ? __sanitizer_cov_trace_pc+0x20/0x60
[  117.746428][    C1]  exfat_free_cluster+0x7a/0x100
[  117.746428][    C1]  __exfat_truncate+0x6bf/0x900
[  117.746428][    C1]  ? __pfx___exfat_truncate+0x10/0x10
[  117.746428][    C1]  ? srso_alias_return_thunk+0x5/0xfbef5
[  117.746428][    C1]  ? __pfx_exfat_evict_inode+0x10/0x10
[  117.746428][    C1]  exfat_evict_inode+0x10d/0x1a0
[  117.746428][    C1]  evict+0x403/0x880
[  117.746428][    C1]  ? __pfx_evict+0x10/0x10
[  117.746428][    C1]  ? __pfx_lock_release+0x10/0x10
[  117.746428][    C1]  ? __pfx_do_raw_spin_lock+0x10/0x10
[  117.746428][    C1]  ? __pfx_lock_release+0x10/0x10
[  117.746428][    C1]  ? __pfx_lock_release+0x10/0x10
[  117.746428][    C1]  ? srso_alias_return_thunk+0x5/0xfbef5
[  117.746428][    C1]  ? write_comp_data+0x29/0x90
[  117.746428][    C1]  iput+0x51c/0x830
[  117.746428][    C1]  do_unlinkat+0x5c7/0x750
[  117.746428][    C1]  ? write_comp_data+0x29/0x90
[  117.746428][    C1]  ? __pfx_do_unlinkat+0x10/0x10
[  117.746428][    C1]  ? srso_alias_return_thunk+0x5/0xfbef5
[  117.746428][    C1]  ? __check_object_size+0x3c9/0x810
[  117.746428][    C1]  ? srso_alias_return_thunk+0x5/0xfbef5
[  117.746428][    C1]  ? srso_alias_return_thunk+0x5/0xfbef5
[  117.746428][    C1]  ? __sanitizer_cov_trace_pc+0x20/0x60
[  117.746428][    C1]  ? strncpy_from_user+0x21a/0x2f0
[  117.746428][    C1]  ? srso_alias_return_thunk+0x5/0xfbef5
[  117.746428][    C1]  ? __sanitizer_cov_trace_pc+0x20/0x60
[  117.746428][    C1]  ? srso_alias_return_thunk+0x5/0xfbef5
[  117.746428][    C1]  __x64_sys_unlink+0x40/0x50
[  117.746428][    C1]  do_syscall_64+0xc3/0x1d0
[  117.746428][    C1]  entry_SYSCALL_64_after_hwframe+0x77/0x7f
[  117.746428][    C1] RIP: 0033:0x7ff5d82fb1db
[  117.746428][    C1] Code: 73 01 c3 48 c7 c1 c0 ff ff ff f7 d8 64 89 01 48 83 c8 ff c3 66 2e 0f 1f 84 00 00 00 00 00 90 f3 0f 1e fa b8 57 00 00 00 0f 05 <48> 3d 01 f0 ff ff 73 01 c3 48 c7 c1 c0 ff ff ff f7 d8 64 89 01 48
[  117.746428][    C1] RSP: 002b:00007ffe1b6ff558 EFLAGS: 00000206 ORIG_RAX: 0000000000000057
[  117.746428][    C1] RAX: ffffffffffffffda RBX: 0000000000000000 RCX: 00007ff5d82fb1db
[  117.746428][    C1] RDX: 00007ffe1b6ff580 RSI: 00007ffe1b6ff580 RDI: 00007ffe1b6ff610
[  117.746428][    C1] RBP: 00007ffe1b6ff610 R08: 0000000000000001 R09: 00007ffe1b6ff3e0
[  117.746428][    C1] R10: 00000000fffffff7 R11: 0000000000000206 R12: 00007ffe1b700710
[  117.746428][    C1] R13: 000055556ed36bb0 R14: 00007ffe1b6ff578 R15: 0000000000000001
[  117.746428][    C1]  </TASK>
[  117.746428][    C1] Kernel panic - not syncing: softlockup: hung tasks
[  117.746428][    C1] CPU: 1 UID: 0 PID: 420 Comm: syz-executor140 Tainted: G             L     6.13.0-rc5 #1
[  117.746428][    C1] Tainted: [L]=SOFTLOCKUP
[  117.746428][    C1] Hardware name: QEMU Standard PC (i440FX + PIIX, 1996), BIOS 1.13.0-1ubuntu1.1 04/01/2014
[  117.746428][    C1] Call Trace:
[  117.746428][    C1]  <IRQ>
[  117.746428][    C1]  dump_stack_lvl+0x3d/0x1b0
[  117.746428][    C1]  panic+0x70b/0x7c0
[  117.746428][    C1]  ? __pfx_panic+0x10/0x10
[  117.746428][    C1]  ? watchdog_timer_fn+0x5d3/0x770
[  117.746428][    C1]  watchdog_timer_fn+0x5f1/0x770
[  117.746428][    C1]  __hrtimer_run_queues+0x607/0xca0
[  117.746428][    C1]  ? __pfx_watchdog_timer_fn+0x10/0x10
[  117.746428][    C1]  ? __pfx___hrtimer_run_queues+0x10/0x10
[  117.746428][    C1]  ? srso_alias_return_thunk+0x5/0xfbef5
[  117.746428][    C1]  ? __sanitizer_cov_trace_pc+0x20/0x60
[  117.746428][    C1]  ? srso_alias_return_thunk+0x5/0xfbef5
[  117.746428][    C1]  hrtimer_interrupt+0x39a/0x880
[  117.746428][    C1]  __sysvec_apic_timer_interrupt+0x114/0x400
[  117.746428][    C1]  sysvec_apic_timer_interrupt+0x8f/0xb0
[  117.746428][    C1]  </IRQ>
[  117.746428][    C1]  <TASK>
[  117.746428][    C1]  asm_sysvec_apic_timer_interrupt+0x1a/0x20
[  117.746428][    C1] RIP: 0010:exfat_clear_bitmap+0x3f1/0x580
[  117.746428][    C1] Code: 24 60 01 00 00 b9 40 0c 00 00 4c 89 fa e8 57 10 ff 01 bf a1 ff ff ff 89 c3 89 c6 e8 49 52 5f ff 83 fb a1 74 13 48 83 c4 18 5b <5d> 41 5c 41 5d 41 5e 41 5f e9 01 50 5f ff e8 fc 4f 5f ff 49 8d b4
[  117.746428][    C1] RSP: 0018:ffa00000035f7a90 EFLAGS: 00000286
[  117.746428][    C1] RAX: 0000000000000000 RBX: 0000000000006ccc RCX: ffffffff952a4d03
[  117.746428][    C1] RDX: 0000000000000011 RSI: ff110000118ba340 RDI: 0000000000000003
[  117.746428][    C1] RBP: ff110000131cc000 R08: 0000000000000000 R09: fffffbfff4d5f0ed
[  117.746428][    C1] R10: fffffbfff4d5f0ec R11: 0000000000000001 R12: ff110000131ce000
[  117.746428][    C1] R13: 0000000000000011 R14: 0000000000000000 R15: 0000000006cccf6b
[  117.746428][    C1]  ? exfat_clear_bitmap+0xc3/0x580
[  117.746428][    C1]  __exfat_free_cluster+0x775/0x980
[  117.746428][    C1]  ? __pfx___exfat_free_cluster+0x10/0x10
[  117.746428][    C1]  ? srso_alias_return_thunk+0x5/0xfbef5
[  117.746428][    C1]  ? __sanitizer_cov_trace_pc+0x20/0x60
[  117.746428][    C1]  exfat_free_cluster+0x7a/0x100
[  117.746428][    C1]  __exfat_truncate+0x6bf/0x900
[  117.746428][    C1]  ? __pfx___exfat_truncate+0x10/0x10
[  117.746428][    C1]  ? srso_alias_return_thunk+0x5/0xfbef5
[  117.746428][    C1]  ? __pfx_exfat_evict_inode+0x10/0x10
[  117.746428][    C1]  exfat_evict_inode+0x10d/0x1a0
[  117.746428][    C1]  evict+0x403/0x880
[  117.746428][    C1]  ? __pfx_evict+0x10/0x10
[  117.746428][    C1]  ? __pfx_lock_release+0x10/0x10
[  117.746428][    C1]  ? __pfx_do_raw_spin_lock+0x10/0x10
[  117.746428][    C1]  ? __pfx_lock_release+0x10/0x10
[  117.746428][    C1]  ? __pfx_lock_release+0x10/0x10
[  117.746428][    C1]  ? srso_alias_return_thunk+0x5/0xfbef5
[  117.746428][    C1]  ? write_comp_data+0x29/0x90
[  117.746428][    C1]  iput+0x51c/0x830
[  117.746428][    C1]  do_unlinkat+0x5c7/0x750
[  117.746428][    C1]  ? write_comp_data+0x29/0x90
[  117.746428][    C1]  ? __pfx_do_unlinkat+0x10/0x10
[  117.746428][    C1]  ? srso_alias_return_thunk+0x5/0xfbef5
[  117.746428][    C1]  ? __check_object_size+0x3c9/0x810
[  117.746428][    C1]  ? srso_alias_return_thunk+0x5/0xfbef5
[  117.746428][    C1]  ? srso_alias_return_thunk+0x5/0xfbef5
[  117.746428][    C1]  ? __sanitizer_cov_trace_pc+0x20/0x60
[  117.746428][    C1]  ? strncpy_from_user+0x21a/0x2f0
[  117.746428][    C1]  ? srso_alias_return_thunk+0x5/0xfbef5
[  117.746428][    C1]  ? __sanitizer_cov_trace_pc+0x20/0x60
[  117.746428][    C1]  ? srso_alias_return_thunk+0x5/0xfbef5
[  117.746428][    C1]  __x64_sys_unlink+0x40/0x50
[  117.746428][    C1]  do_syscall_64+0xc3/0x1d0
[  117.746428][    C1]  entry_SYSCALL_64_after_hwframe+0x77/0x7f
[  117.746428][    C1] RIP: 0033:0x7ff5d82fb1db
[  117.746428][    C1] Code: 73 01 c3 48 c7 c1 c0 ff ff ff f7 d8 64 89 01 48 83 c8 ff c3 66 2e 0f 1f 84 00 00 00 00 00 90 f3 0f 1e fa b8 57 00 00 00 0f 05 <48> 3d 01 f0 ff ff 73 01 c3 48 c7 c1 c0 ff ff ff f7 d8 64 89 01 48
[  117.746428][    C1] RSP: 002b:00007ffe1b6ff558 EFLAGS: 00000206 ORIG_RAX: 0000000000000057
[  117.746428][    C1] RAX: ffffffffffffffda RBX: 0000000000000000 RCX: 00007ff5d82fb1db
[  117.746428][    C1] RDX: 00007ffe1b6ff580 RSI: 00007ffe1b6ff580 RDI: 00007ffe1b6ff610
[  117.746428][    C1] RBP: 00007ffe1b6ff610 R08: 0000000000000001 R09: 00007ffe1b6ff3e0
[  117.746428][    C1] R10: 00000000fffffff7 R11: 0000000000000206 R12: 00007ffe1b700710
[  117.746428][    C1] R13: 000055556ed36bb0 R14: 00007ffe1b6ff578 R15: 0000000000000001
[  117.746428][    C1]  </TASK>
[  117.746428][    C1] Kernel Offset: 0x13200000 from 0xffffffff81000000 (relocation range: 0xffffffff80000000-0xffffffffbfffffff)
[  117.746428][    C1] Rebooting in 86400 seconds..

VM DIAGNOSIS:
14:02:08  Registers:
info registers vcpu 0
RAX=00000000000af093 RBX=0000000000000000 RCX=ffffffff9c4d0d81 RDX=0000000000000000
RSI=0000000000000001 RDI=0000000000000000 RBP=dffffc0000000000 RSP=ffffffff9ea07e00
R8 =0000000000000001 R9 =ffe21c000a746cc3 R10=ffe21c000a746cc2 R11=ff11000053a36613
R12=0000000000000000 R13=ffffffffa0bbd5d0 R14=0000000000000000 R15=0000000000000000
RIP=ffffffff9c4d22ce RFL=00000206 [-----P-] CPL=0 II=0 A20=1 SMM=0 HLT=1
ES =0000 0000000000000000 00000000 00000000
CS =0010 0000000000000000 ffffffff 00a09b00 DPL=0 CS64 [-RA]
SS =0018 0000000000000000 ffffffff 00c09300 DPL=0 DS   [-WA]
DS =0000 0000000000000000 00000000 00000000
FS =0000 0000000000000000 00000000 00000000
GS =0000 ff11000053a00000 00000000 00000000
LDT=0000 0000000000000000 00000000 00000000
TR =0040 fffffe096b3ea000 00004087 00008b00 DPL=0 TSS64-busy
GDT=     fffffe096b3e8000 0000007f
IDT=     fffffe0000000000 00000fff
CR0=80050033 CR2=00005585126ef0f0 CR3=00000000024a4005 CR4=00771ef0
DR0=0000000000000000 DR1=0000000000000000 DR2=0000000000000000 DR3=0000000000000000 
DR6=00000000ffff0ff0 DR7=0000000000000400
EFER=0000000000000d01
FCW=037f FSW=0000 [ST=0] FTW=00 MXCSR=00001f80
FPR0=0000000000000000 0000 FPR1=0000000000000000 0000
FPR2=0000000000000000 0000 FPR3=0000000000000000 0000
FPR4=0000000000000000 0000 FPR5=0000000000000000 0000
FPR6=0000000000000000 0000 FPR7=0000000000000000 0000
XMM00=00000000a60ce07b00000000cec3662e XMM01=00000000000000005a03067f33e155b0
XMM02=000000000000000074c2754f0825e560 XMM03=a702d69fa3867418973f617c7dc126fd
XMM04=00000000000000000000000000000340 XMM05=00000000000000000000000000000040
XMM06=008001000080010071626de500800100 XMM07=0000003d0000003d0000003d00800100
XMM08=714cd9440000003d00800100712d8405 XMM09=0000003d7195f3a2718389cd0000003d
XMM10=8d98c57cb0f771d96c90e813f0697537 XMM11=28def60d66196959cf09825db7f40f14
XMM12=00000000000000000000000000000000 XMM13=00000000000000000000000000000000
XMM14=a54ff53a3c6ef372bb67ae856a09e667 XMM15=5be0cd191f83d9ab9b05688c510e527f
info registers vcpu 1
RAX=0000000000000037 RBX=0000000000000000 RCX=0000000000000000 RDX=00000000000003f8
RSI=ff110000118ba340 RDI=ffffffffaa74f080 RBP=ffffffffaa74f040 RSP=ffa00000001e88f8
R8 =0000000000000000 R9 =ffe21c0000e2b047 R10=ffe21c0000e2b046 R11=ff11000007158237
R12=0000000000000000 R13=0000000000000037 R14=0000000000000000 R15=0000000000000010
RIP=ffffffff97b595cf RFL=00000002 [-------] CPL=0 II=0 A20=1 SMM=0 HLT=0
ES =0000 0000000000000000 00000000 00000000
CS =0010 0000000000000000 ffffffff 00a09b00 DPL=0 CS64 [-RA]
SS =0018 0000000000000000 ffffffff 00c09300 DPL=0 DS   [-WA]
DS =0000 0000000000000000 00000000 00000000
FS =0000 000055556ed2d880 00000000 00000000
GS =0000 ff11000053a80000 00000000 00000000
LDT=0000 0000000000000000 00000000 00000000
TR =0040 fffffe04596a2000 00004087 00008b00 DPL=0 TSS64-busy
GDT=     fffffe04596a0000 0000007f
IDT=     fffffe0000000000 00000fff
CR0=80050033 CR2=00007ffe1b6fdd18 CR3=000000000db32002 CR4=00771ef0
DR0=0000000000000000 DR1=0000000000000000 DR2=0000000000000000 DR3=0000000000000000 
DR6=00000000ffff0ff0 DR7=0000000000000400
EFER=0000000000000d01
FCW=037f FSW=0000 [ST=0] FTW=00 MXCSR=00001f80
FPR0=0000000000000000 0000 FPR1=0000000000000000 0000
FPR2=0000000000000000 0000 FPR3=0000000000000000 0000
FPR4=0000000000000000 0000 FPR5=0000000000000000 0000
FPR6=0000000000000000 0000 FPR7=0000000000000000 0000
XMM00=00ff000000ff000000000000000000ff XMM01=25252525252525252525252525252525
XMM02=00000000000000000000000000000000 XMM03=00000000000000000000000000000000
XMM04=00ff00000000000000000000000000ff XMM05=0000ff0000000000ff00000000000000
XMM06=00000000000000000000000000000000 XMM07=00000000000000000000000000000000
XMM08=00000000000000000000000000000000 XMM09=00000000000000000000000000000000
XMM10=00000000000000000000000000000000 XMM11=00000000000000000000000000000000
XMM12=00000000000000000000000000000000 XMM13=00000000000000000000000000000000
XMM14=00000000000000000000000000000000 XMM15=00000000000000000000000000000000
info registers vcpu 2
RAX=0000000000021d25 RBX=0000000000000002 RCX=ffffffff9c4d0d81 RDX=0000000000000000
RSI=0000000000000001 RDI=0000000000000000 RBP=dffffc0000000000 RSP=ffa000000016fe00
R8 =0000000000000001 R9 =ffe21c000a766cc3 R10=ffe21c000a766cc2 R11=ff11000053b36613
R12=0000000000000002 R13=ffffffffa0bbd5d0 R14=0000000000000000 R15=0000000000000000
RIP=ffffffff9c4d22ce RFL=00000202 [-------] CPL=0 II=0 A20=1 SMM=0 HLT=1
ES =0000 0000000000000000 00000000 00000000
CS =0010 0000000000000000 ffffffff 00a09b00 DPL=0 CS64 [-RA]
SS =0018 0000000000000000 ffffffff 00c09300 DPL=0 DS   [-WA]
DS =0000 0000000000000000 00000000 00000000
FS =0000 0000000000000000 00000000 00000000
GS =0000 ff11000053b00000 00000000 00000000
LDT=0000 0000000000000000 00000000 00000000
TR =0040 fffffe5843df4000 00004087 00008b00 DPL=0 TSS64-busy
GDT=     fffffe5843df2000 0000007f
IDT=     fffffe0000000000 00000fff
CR0=80050033 CR2=00007ffc69bdd000 CR3=00000000090ba004 CR4=00771ef0
DR0=0000000000000000 DR1=0000000000000000 DR2=0000000000000000 DR3=0000000000000000 
DR6=00000000ffff0ff0 DR7=0000000000000400
EFER=0000000000000d01
FCW=037f FSW=0000 [ST=0] FTW=00 MXCSR=00001f80
FPR0=0000000000000000 0000 FPR1=0000000000000000 0000
FPR2=0000000000000000 0000 FPR3=0000000000000000 0000
FPR4=0000000000000000 0000 FPR5=0000000000000000 0000
FPR6=0000000000000000 0000 FPR7=0000000000000000 0000
XMM00=61145c293de86750699ee0ef457a3bcb XMM01=1d709ebdf96a8cdb4bb009b0b2b0c610
XMM02=2575389986cb8c64add078ce2191786d XMM03=0ab0e6a12dec4221fe434f34bffbb200
XMM04=000000000000000000000000000007c0 XMM05=00000000000000000000000000000040
XMM06=008001000080010098427a4900800100 XMM07=0000003d0000003d0000003d00800100
XMM08=9574bcc90000003d00800100952006a6 XMM09=0000003d9aafe62b989ae7ec0000003d
XMM10=2709e15a5e4bf97ed5f9011f47828766 XMM11=998464580e7ba021e482b2334a5790ad
XMM12=00000000000000000000000000000000 XMM13=00000000000000000000000000000000
XMM14=a54ff53a3c6ef372bb67ae856a09e667 XMM15=5be0cd191f83d9ab9b05688c510e527f
info registers vcpu 3
RAX=0000000000022963 RBX=0000000000000003 RCX=ffffffff9c4d0d81 RDX=0000000000000000
RSI=0000000000000001 RDI=0000000000000000 RBP=dffffc0000000000 RSP=ffa000000017fe00
R8 =0000000000000001 R9 =ffe21c000a776cc3 R10=ffe21c000a776cc2 R11=ff11000053bb6613
R12=0000000000000003 R13=ffffffffa0bbd5d0 R14=0000000000000000 R15=0000000000000000
RIP=ffffffff9c4d22ce RFL=00000206 [-----P-] CPL=0 II=0 A20=1 SMM=0 HLT=1
ES =0000 0000000000000000 00000000 00000000
CS =0010 0000000000000000 ffffffff 00a09b00 DPL=0 CS64 [-RA]
SS =0018 0000000000000000 ffffffff 00c09300 DPL=0 DS   [-WA]
DS =0000 0000000000000000 00000000 00000000
FS =0000 0000000000000000 00000000 00000000
GS =0000 ff11000053b80000 00000000 00000000
LDT=0000 0000000000000000 00000000 00000000
TR =0040 fffffe1787b76000 00004087 00008b00 DPL=0 TSS64-busy
GDT=     fffffe1787b74000 0000007f
IDT=     fffffe0000000000 00000fff
CR0=80050033 CR2=00005585125e1128 CR3=0000000067cf0005 CR4=00771ef0
DR0=0000000000000000 DR1=0000000000000000 DR2=0000000000000000 DR3=0000000000000000 
DR6=00000000ffff0ff0 DR7=0000000000000400
EFER=0000000000000d01
FCW=037f FSW=0000 [ST=0] FTW=00 MXCSR=00001f80
FPR0=0000000000000000 0000 FPR1=0000000000000000 0000
FPR2=0000000000000000 0000 FPR3=0000000000000000 0000
FPR4=0000000000000000 0000 FPR5=0000000000000000 0000
FPR6=0000000000000000 0000 FPR7=0000000000000000 0000
XMM00=fc5f27b770bf353009b1cbe3f19427a4 XMM01=86655f3b1e8072209cf725d3c5ee55dd
XMM02=eb4dcb4474e7800fa047d4ea1e94c9fc XMM03=0f48765730f94e5c64273104c26295a8
XMM04=00000000000000000000000000000280 XMM05=00000000000000000000000000000040
XMM06=a36daa33a3e7abe60000003a6f4355bc XMM07=0080010000800100a3c38100e110c83a
XMM08=0000003a00800100a3bb7dc90000003a XMM09=00800100a99aa5a80000003d00800100
XMM10=a8b0f90773b7e29d1687ce668a4af92f XMM11=8b3b7f5cbc17f9cda919dce30de12988
XMM12=00000000000000000000000000000000 XMM13=00000000000000000000000000000000
XMM14=a54ff53a3c6ef372bb67ae856a09e667 XMM15=5be0cd191f83d9ab9b05688c510e527f
