Warning: Permanently added '[localhost]:9063' (ECDSA) to the list of known hosts.
[   80.876870][   T44] audit: type=1400 audit(1734519457.523:9): avc:  denied  { execmem } for  pid=418 comm="syz-executor243" scontext=unconfined_u:unconfined_r:unconfined_t:s0-s0:c0.c1023 tcontext=unconfined_u:unconfined_r:unconfined_t:s0-s0:c0.c1023 tclass=process permissive=1
executing program
[   80.948363][  T421] loop0: detected capacity change from 0 to 256
[   80.955780][  T421] UDF-fs: error (device loop0): udf_read_tagged: read failed, block=256, location=256
[   80.960244][  T421] UDF-fs: error (device loop0): udf_read_tagged: read failed, block=512, location=512
[   80.963311][  T421] UDF-fs: warning (device loop0): udf_load_vrs: No anchor found
[   80.965568][  T421] UDF-fs: Scanning with blocksize 512 failed
[   80.969085][  T421] UDF-fs: error (device loop0): udf_read_tagged: read failed, block=256, location=256
[   80.973924][  T421] UDF-fs: INFO Mounting volume 'LinuxUDF', timestamp 2022/11/22 14:59 (1000)
[   81.299478][  T419] UDF-fs: error (device loop0): udf_verify_fi: directory (ino 50) has entry at pos 0 with incorrect tag 0
[   81.303351][  T419] UDF-fs: error (device loop0): udf_verify_fi: directory (ino 50) has entry at pos 0 with incorrect tag 0
[   81.319380][  T419] ==================================================================
[   81.320185][  T419] BUG: KASAN: use-after-free in crc_itu_t+0xd6/0xe0
[   81.320185][  T419] Read of size 1 at addr ff11000013290000 by task syz-executor243/419
[   81.320185][  T419] 
[   81.320185][  T419] CPU: 2 UID: 0 PID: 419 Comm: syz-executor243 Not tainted 6.13.0-rc3 #3
[   81.320185][  T419] Hardware name: QEMU Standard PC (i440FX + PIIX, 1996), BIOS 1.13.0-1ubuntu1.1 04/01/2014
[   81.320185][  T419] Call Trace:
[   81.320185][  T419]  <TASK>
[   81.320185][  T419]  dump_stack_lvl+0x116/0x1b0
[   81.320185][  T419]  print_report+0xcf/0x5f0
[   81.320185][  T419]  ? srso_alias_return_thunk+0x5/0xfbef5
[   81.320185][  T419]  ? __phys_addr+0xeb/0x180
[   81.320185][  T419]  ? crc_itu_t+0xd6/0xe0
[   81.320185][  T419]  kasan_report+0x93/0xc0
[   81.320185][  T419]  ? crc_itu_t+0xd6/0xe0
[   81.320185][  T419]  crc_itu_t+0xd6/0xe0
[   81.320185][  T419]  udf_finalize_lvid+0xe0/0x1e0
[   81.320185][  T419]  ? __pfx_udf_finalize_lvid+0x10/0x10
[   81.320185][  T419]  ? __sanitizer_cov_trace_pc+0x20/0x60
[   81.320185][  T419]  ? srso_alias_return_thunk+0x5/0xfbef5
[   81.320185][  T419]  ? write_comp_data+0x29/0x90
[   81.320185][  T419]  udf_sync_fs+0xee/0x160
[   81.320185][  T419]  ? __pfx_udf_sync_fs+0x10/0x10
[   81.320185][  T419]  sync_filesystem+0x110/0x2a0
[   81.320185][  T419]  generic_shutdown_super+0x74/0x380
[   81.320185][  T419]  kill_block_super+0x3b/0x90
[   81.320185][  T419]  deactivate_locked_super+0xbb/0x130
[   81.320185][  T419]  deactivate_super+0xb1/0xd0
[   81.320185][  T419]  cleanup_mnt+0x378/0x510
[   81.320185][  T419]  task_work_run+0x173/0x280
[   81.320185][  T419]  ? __pfx_task_work_run+0x10/0x10
[   81.320185][  T419]  ? srso_alias_return_thunk+0x5/0xfbef5
[   81.320185][  T419]  ? switch_task_namespaces+0xe2/0x100
[   81.320185][  T419]  do_exit+0xa68/0x2fe0
[   81.320185][  T419]  ? do_group_exit+0x101/0x2a0
[   81.320185][  T419]  ? __pfx_lock_release+0x10/0x10
[   81.320185][  T419]  ? zap_other_threads+0x26b/0x310
[   81.320185][  T419]  ? srso_alias_return_thunk+0x5/0xfbef5
[   81.320185][  T419]  ? __pfx_do_exit+0x10/0x10
[   81.320185][  T419]  ? __pfx_do_raw_spin_lock+0x10/0x10
[   81.320185][  T419]  ? _raw_spin_unlock_irq+0x23/0x50
[   81.320185][  T419]  ? _raw_spin_unlock_irq+0x23/0x50
[   81.320185][  T419]  do_group_exit+0xd3/0x2a0
[   81.320185][  T419]  __x64_sys_exit_group+0x3e/0x50
[   81.320185][  T419]  x64_sys_call+0xf6a/0x1890
[   81.320185][  T419]  do_syscall_64+0xc3/0x1d0
[   81.320185][  T419]  entry_SYSCALL_64_after_hwframe+0x77/0x7f
[   81.320185][  T419] RIP: 0033:0x7fa75df2f5a6
[   81.320185][  T419] Code: Unable to access opcode bytes at 0x7fa75df2f57c.
[   81.320185][  T419] RSP: 002b:00007ffe768a10b8 EFLAGS: 00000246 ORIG_RAX: 00000000000000e7
[   81.320185][  T419] RAX: ffffffffffffffda RBX: 00007fa75dfb52d0 RCX: 00007fa75df2f5a6
[   81.320185][  T419] RDX: 0000000000000001 RSI: 000000000000003c RDI: 0000000000000001
[   81.320185][  T419] RBP: 0000000000000001 R08: 00000000000000e7 R09: ffffffffffffffc0
[   81.320185][  T419] R10: 00007fa75dfb3720 R11: 0000000000000246 R12: 00007fa75dfb52d0
[   81.320185][  T419] R13: 0000000000000001 R14: 0000000000000000 R15: 0000000000000001
[   81.320185][  T419]  </TASK>
[   81.320185][  T419] 
[   81.320185][  T419] The buggy address belongs to the physical page:
[   81.320185][  T419] page: refcount:0 mapcount:0 mapping:0000000000000000 index:0x219 pfn:0x13290
[   81.320185][  T419] flags: 0x100000000000000(node=0|zone=1)
[   81.320185][  T419] raw: 0100000000000000 ffd40000004ccbc8 ffd40000004ca448 0000000000000000
[   81.320185][  T419] raw: 0000000000000219 0000000000000000 00000000ffffffff 0000000000000000
[   81.320185][  T419] page dumped because: kasan: bad access detected
[   81.320185][  T419] 
[   81.320185][  T419] Memory state around the buggy address:
[   81.320185][  T419]  ff1100001328ff00: 00 00 00 00 00 00 00 00 00 00 00 00 00 00 00 00
[   81.320185][  T419]  ff1100001328ff80: 00 00 00 00 00 00 00 00 00 00 00 00 00 00 00 00
[   81.320185][  T419] >ff11000013290000: ff ff ff ff ff ff ff ff ff ff ff ff ff ff ff ff
[   81.320185][  T419]                    ^
[   81.320185][  T419]  ff11000013290080: ff ff ff ff ff ff ff ff ff ff ff ff ff ff ff ff
[   81.320185][  T419]  ff11000013290100: ff ff ff ff ff ff ff ff ff ff ff ff ff ff ff ff
[   81.320185][  T419] ==================================================================
[   81.444581][  T419] Disabling lock debugging due to kernel taint
[   81.447621][  T419] BUG: unable to handle page fault for address: ffe21c001864e9b8
[   81.448183][  T419] #PF: supervisor read access in kernel mode
[   81.448183][  T419] #PF: error_code(0x0000) - not-present page
[   81.452289][  T419] PGD 7fdd7067 P4D 7fdd6067 PUD 7fdd5067 PMD 0 
[   81.452289][  T419] Oops: Oops: 0000 [#1] PREEMPT SMP KASAN NOPTI
[   81.456217][  T419] CPU: 0 UID: 0 PID: 419 Comm: syz-executor243 Tainted: G    B              6.13.0-rc3 #3
[   81.456217][  T419] Tainted: [B]=BAD_PAGE
[   81.460220][  T419] Hardware name: QEMU Standard PC (i440FX + PIIX, 1996), BIOS 1.13.0-1ubuntu1.1 04/01/2014
[   81.460220][  T419] RIP: 0010:udf_close_lvid+0x136/0x5e0
[   81.465583][  T419] Code: 8d 83 c0 00 00 00 31 f6 48 89 c7 48 89 44 24 08 e8 1f 68 92 06 49 8d 7f 18 48 ba 00 00 00 00 00 fc ff df 48 89 f9 48 c1 e9 03 <0f> b6 14 11 48 89 f9 83 e1 07 38 ca 7f 08 84 d2 0f 85 ca 03 00 00
[   81.471258][  T419] RSP: 0018:ffa0000003747bf0 EFLAGS: 00010216
[   81.474225][  T419] RAX: 0000000000000000 RBX: ff11000008f94000 RCX: 1fe220001864e9b8
[   81.476884][  T419] RDX: dffffc0000000000 RSI: 0000000000000002 RDI: ff110000c3274dc0
[   81.479339][  T419] RBP: ff110000120cd570 R08: 0000000000000000 R09: fffffbfff33379c3
[   81.481937][  T419] R10: ffa0000003747bf0 R11: ffffffff999bce17 R12: ff1100000b5d4000
[   81.484959][  T419] R13: ff11000013280400 R14: 0000000000000000 R15: ff110000c3274da8
[   81.487345][  T419] FS:  0000000000000000(0000) GS:ff1100006a200000(0000) knlGS:0000000000000000
[   81.489967][  T419] CS:  0010 DS: 0000 ES: 0000 CR0: 0000000080050033
[   81.493246][  T419] CR2: ffe21c001864e9b8 CR3: 00000000376f0002 CR4: 0000000000771ef0
[   81.496237][  T419] PKRU: 55555554
[   81.497212][  T419] Call Trace:
[   81.497916][  T419]  <TASK>
[   81.497916][  T419]  ? __die_body+0x1a/0x60
[   81.500249][  T419]  ? page_fault_oops+0x5ce/0xb80
[   81.502234][  T419]  ? __pfx_page_fault_oops+0x10/0x10
[   81.503942][  T419]  ? __pfx_cmp_ex_search+0x10/0x10
[   81.506232][  T419]  ? srso_alias_return_thunk+0x5/0xfbef5
[   81.507962][  T419]  ? write_comp_data+0x29/0x90
[   81.509318][  T419]  ? srso_alias_return_thunk+0x5/0xfbef5
[   81.511584][  T419]  ? __sanitizer_cov_trace_pc+0x20/0x60
[   81.513264][  T419]  ? srso_alias_return_thunk+0x5/0xfbef5
[   81.514912][  T419]  ? is_prefetch.isra.0+0xa2/0x510
[   81.516232][  T419]  ? __pfx_search_extable+0x10/0x10
[   81.518249][  T419]  ? udf_close_lvid+0x136/0x5e0
[   81.520230][  T419]  ? __pfx_is_prefetch.isra.0+0x10/0x10
[   81.522249][  T419]  ? trace_hardirqs_on+0x18/0x160
[   81.523363][  T419]  ? srso_alias_return_thunk+0x5/0xfbef5
[   81.525488][  T419]  ? preempt_count_add+0x7c/0x150
[   81.527455][  T419]  ? srso_alias_return_thunk+0x5/0xfbef5
[   81.529595][  T419]  ? srso_alias_return_thunk+0x5/0xfbef5
[   81.531355][  T419]  ? __sanitizer_cov_trace_pc+0x20/0x60
[   81.533302][  T419]  ? srso_alias_return_thunk+0x5/0xfbef5
[   81.535229][  T419]  ? fixup_exception+0x10d/0xb10
[   81.536358][  T419]  ? kernelmode_fixup_or_oops.isra.0+0xb8/0xe0
[   81.538201][  T419]  ? __bad_area_nosemaphore+0x392/0x680
[   81.540546][  T419]  ? srso_alias_return_thunk+0x5/0xfbef5
[   81.542510][  T419]  ? __sanitizer_cov_trace_pc+0x20/0x60
[   81.543570][  T419]  ? do_kern_addr_fault+0x142/0x170
[   81.545331][  T419]  ? exc_page_fault+0x179/0x1a0
[   81.547380][  T419]  ? asm_exc_page_fault+0x26/0x30
[   81.549211][  T419]  ? udf_close_lvid+0x136/0x5e0
[   81.551213][  T419]  ? srso_alias_return_thunk+0x5/0xfbef5
[   81.552925][  T419]  udf_put_super+0x186/0x1e0
[   81.554256][  T419]  ? __pfx_udf_put_super+0x10/0x10
[   81.556309][  T419]  generic_shutdown_super+0x14e/0x380
[   81.558875][  T419]  kill_block_super+0x3b/0x90
[   81.560227][  T419]  deactivate_locked_super+0xbb/0x130
[   81.560227][  T419]  deactivate_super+0xb1/0xd0
[   81.563211][  T419]  cleanup_mnt+0x378/0x510
[   81.564214][  T419]  task_work_run+0x173/0x280
[   81.564214][  T419]  ? __pfx_task_work_run+0x10/0x10
[   81.568223][  T419]  ? srso_alias_return_thunk+0x5/0xfbef5
[   81.571645][  T419]  ? switch_task_namespaces+0xe2/0x100
[   81.572214][  T419]  do_exit+0xa68/0x2fe0
[   81.572214][  T419]  ? do_group_exit+0x101/0x2a0
[   81.576370][  T419]  ? __pfx_lock_release+0x10/0x10
[   81.577226][  T419]  ? zap_other_threads+0x26b/0x310
[   81.579300][  T419]  ? srso_alias_return_thunk+0x5/0xfbef5
[   81.580242][  T419]  ? __pfx_do_exit+0x10/0x10
[   81.582220][  T419]  ? __pfx_do_raw_spin_lock+0x10/0x10
[   81.584226][  T419]  ? _raw_spin_unlock_irq+0x23/0x50
[   81.584294][  T419]  ? _raw_spin_unlock_irq+0x23/0x50
[   81.587267][  T419]  do_group_exit+0xd3/0x2a0
[   81.588303][  T419]  __x64_sys_exit_group+0x3e/0x50
[   81.588303][  T419]  x64_sys_call+0xf6a/0x1890
[   81.591246][  T419]  do_syscall_64+0xc3/0x1d0
[   81.592302][  T419]  entry_SYSCALL_64_after_hwframe+0x77/0x7f
[   81.593238][  T419] RIP: 0033:0x7fa75df2f5a6
[   81.595244][  T419] Code: Unable to access opcode bytes at 0x7fa75df2f57c.
[   81.597221][  T419] RSP: 002b:00007ffe768a10b8 EFLAGS: 00000246 ORIG_RAX: 00000000000000e7
[   81.598368][  T419] RAX: ffffffffffffffda RBX: 00007fa75dfb52d0 RCX: 00007fa75df2f5a6
[   81.601344][  T419] RDX: 0000000000000001 RSI: 000000000000003c RDI: 0000000000000001
[   81.604300][  T419] RBP: 0000000000000001 R08: 00000000000000e7 R09: ffffffffffffffc0
[   81.606333][  T419] R10: 00007fa75dfb3720 R11: 0000000000000246 R12: 00007fa75dfb52d0
[   81.608456][  T419] R13: 0000000000000001 R14: 0000000000000000 R15: 0000000000000001
[   81.611294][  T419]  </TASK>
[   81.612223][  T419] Modules linked in:
[   81.612223][  T419] CR2: ffe21c001864e9b8
[   81.612223][  T419] ---[ end trace 0000000000000000 ]---
[   81.615232][  T419] RIP: 0010:udf_close_lvid+0x136/0x5e0
[   81.617302][  T419] Code: 8d 83 c0 00 00 00 31 f6 48 89 c7 48 89 44 24 08 e8 1f 68 92 06 49 8d 7f 18 48 ba 00 00 00 00 00 fc ff df 48 89 f9 48 c1 e9 03 <0f> b6 14 11 48 89 f9 83 e1 07 38 ca 7f 08 84 d2 0f 85 ca 03 00 00
[   81.623213][  T419] RSP: 0018:ffa0000003747bf0 EFLAGS: 00010216
[   81.624297][  T419] RAX: 0000000000000000 RBX: ff11000008f94000 RCX: 1fe220001864e9b8
[   81.627228][  T419] RDX: dffffc0000000000 RSI: 0000000000000002 RDI: ff110000c3274dc0
[   81.628300][  T419] RBP: ff110000120cd570 R08: 0000000000000000 R09: fffffbfff33379c3
[   81.628300][  T419] R10: ffa0000003747bf0 R11: ffffffff999bce17 R12: ff1100000b5d4000
[   81.633294][  T419] R13: ff11000013280400 R14: 0000000000000000 R15: ff110000c3274da8
[   81.633294][  T419] FS:  0000000000000000(0000) GS:ff1100006a200000(0000) knlGS:0000000000000000
[   81.638266][  T419] CS:  0010 DS: 0000 ES: 0000 CR0: 0000000080050033
[   81.640310][  T419] CR2: ffe21c001864e9b8 CR3: 00000000376f0002 CR4: 0000000000771ef0
[   81.642271][  T419] PKRU: 55555554
[   81.642271][  T419] Kernel panic - not syncing: Fatal exception
[   81.645348][  T419] Kernel Offset: 0xc000000 from 0xffffffff81000000 (relocation range: 0xffffffff80000000-0xffffffffbfffffff)
[   81.645348][  T419] Rebooting in 86400 seconds..

VM DIAGNOSIS:
18:57:38  Registers:
info registers vcpu 0
RAX=0000000000078c65 RBX=0000000000000000 RCX=ffffffff952cef91 RDX=0000000000000000
RSI=0000000000000001 RDI=0000000000000000 RBP=dffffc0000000000 RSP=ffffffff97807e00
R8 =0000000000000001 R9 =ffe21c000d446cc3 R10=ffe21c000d446cc2 R11=ff1100006a236613
R12=0000000000000000 R13=ffffffff999bce10 R14=0000000000000000 R15=0000000000000000
RIP=ffffffff952d04de RFL=00000206 [-----P-] CPL=0 II=0 A20=1 SMM=0 HLT=1
ES =0000 0000000000000000 00000000 00000000
CS =0010 0000000000000000 ffffffff 00a09b00 DPL=0 CS64 [-RA]
SS =0018 0000000000000000 ffffffff 00c09300 DPL=0 DS   [-WA]
DS =0000 0000000000000000 00000000 00000000
FS =0000 0000000000000000 00000000 00000000
GS =0000 ff1100006a200000 00000000 00000000
LDT=0000 0000000000000000 00000000 00000000
TR =0040 fffffe2c440ef000 00004087 00008b00 DPL=0 TSS64-busy
GDT=     fffffe2c440ed000 0000007f
IDT=     fffffe0000000000 00000fff
CR0=80050033 CR2=000000002000f000 CR3=00000000376f0002 CR4=00771ef0
DR0=0000000000000000 DR1=0000000000000000 DR2=0000000000000000 DR3=0000000000000000 
DR6=00000000ffff0ff0 DR7=0000000000000400
EFER=0000000000000d01
FCW=037f FSW=0000 [ST=0] FTW=00 MXCSR=00001f80
FPR0=0000000000000000 0000 FPR1=0000000000000000 0000
FPR2=0000000000000000 0000 FPR3=0000000000000000 0000
FPR4=0000000000000000 0000 FPR5=0000000000000000 0000
FPR6=0000000000000000 0000 FPR7=0000000000000000 0000
XMM00=00000000000f42400000000000000000 XMM01=000000000000000000000000000f4240
XMM02=60000001ffb2196e227feee7ffd6adce XMM03=00000000000000000000000000000000
XMM04=0000000000ff000000000000000000ff XMM05=cb98685effff000004cffddcfffad5b9
XMM06=cfff5ffebffcefffd7ffa23fffafff49 XMM07=5fffd7ffafff5ffebffd7ffaffd90cb7
XMM08=1d3ff7723680000007fec5b8a9ffbb91 XMM09=00000000000000000000000000000000
XMM10=00000000000000000000000000000000 XMM11=00000000000000000000000000000000
XMM12=00000000000000000000000000000000 XMM13=00000000000000000000000000000000
XMM14=00000000000000000000000000000000 XMM15=00000000000000000000000000000000
info registers vcpu 1
RAX=0000000000000000 RBX=1ff4000000027f94 RCX=ffffffff8d5e5ecf RDX=0000000000000001
RSI=ff11000001c88000 RDI=0000000000000002 RBP=ffa000000013fd60 RSP=ffa000000013fc80
R8 =0000000000000000 R9 =fffffbfff33379c3 R10=fffffbfff33379c2 R11=ffffffff999bce17
R12=ff1100006a2bd480 R13=0000000000000003 R14=0000000000000001 R15=ffe21c000d457a91
RIP=ffffffff8d5e5ea9 RFL=00000246 [---Z-P-] CPL=0 II=0 A20=1 SMM=0 HLT=0
ES =0000 0000000000000000 00000000 00000000
CS =0010 0000000000000000 ffffffff 00a09b00 DPL=0 CS64 [-RA]
SS =0018 0000000000000000 ffffffff 00c09300 DPL=0 DS   [-WA]
DS =0000 0000000000000000 00000000 00000000
FS =0000 0000000000000000 00000000 00000000
GS =0000 ff1100006a280000 00000000 00000000
LDT=0000 0000000000000000 00000000 00000000
TR =0040 fffffe25b79a2000 00004087 00008b00 DPL=0 TSS64-busy
GDT=     fffffe25b79a0000 0000007f
IDT=     fffffe0000000000 00000fff
CR0=80050033 CR2=000055f7213111f8 CR3=000000000a0c4005 CR4=00771ef0
DR0=0000000000000000 DR1=0000000000000000 DR2=0000000000000000 DR3=0000000000000000 
DR6=00000000ffff0ff0 DR7=0000000000000400
EFER=0000000000000d01
FCW=037f FSW=0000 [ST=0] FTW=00 MXCSR=00001f80
FPR0=0000000000000000 0000 FPR1=0000000000000000 0000
FPR2=0000000000000000 0000 FPR3=0000000000000000 0000
FPR4=0000000000000000 0000 FPR5=0000000000000000 0000
FPR6=0000000000000000 0000 FPR7=0000000000000000 0000
XMM00=00000000000000000000000000000000 XMM01=5eb5a653efadeba3d34e8d769e292800
XMM02=ffffffffffffff0f0e0d0c0b0a090807 XMM03=203831343d6469702020726f66207d20
XMM04=40404040404040404040404040404040 XMM05=5a5a5a5a5a5a5a5a5a5a5a5a5a5a5a5a
XMM06=20202020202020202020202020202020 XMM07=ffffffffff0000ff000000ffffff0000
XMM08=00000000000000000000000000000000 XMM09=ffff00000000ffffffffffffffff0000
XMM10=20200000000020202020202020200000 XMM11=00000000000000000000000000000000
XMM12=00000000000000000000000000000000 XMM13=00000000000000000000000000000000
XMM14=00000000000000000000000000000000 XMM15=00000000000000000000000000000000
info registers vcpu 2
RAX=0000000000000038 RBX=0000000000000000 RCX=0000000000000000 RDX=00000000000003f8
RSI=ff11000007d68000 RDI=ffffffffa354c180 RBP=ffffffffa354c140 RSP=ffa0000003747590
R8 =fff3fc00006e8e00 R9 =ffe21c0000e17047 R10=ffe21c0000e17046 R11=ff110000070b8237
R12=0000000000000000 R13=0000000000000038 R14=0000000000000000 R15=0000000000000010
RIP=ffffffff90958a4f RFL=00000002 [-------] CPL=0 II=0 A20=1 SMM=0 HLT=0
ES =0000 0000000000000000 00000000 00000000
CS =0010 0000000000000000 ffffffff 00a09b00 DPL=0 CS64 [-RA]
SS =0018 0000000000000000 ffffffff 00c09300 DPL=0 DS   [-WA]
DS =0000 0000000000000000 00000000 00000000
FS =0000 0000000000000000 00000000 00000000
GS =0000 ff1100006a300000 00000000 00000000
LDT=0000 0000000000000000 00000000 00000000
TR =0040 fffffe4f585cc000 00004087 00008b00 DPL=0 TSS64-busy
GDT=     fffffe4f585ca000 0000007f
IDT=     fffffe0000000000 00000fff
CR0=80050033 CR2=00007fa75df7df40 CR3=00000000376f0003 CR4=00771ef0
DR0=0000000000000000 DR1=0000000000000000 DR2=0000000000000000 DR3=0000000000000000 
DR6=00000000ffff0ff0 DR7=0000000000000400
EFER=0000000000000d01
FCW=037f FSW=0000 [ST=0] FTW=00 MXCSR=00001f80
FPR0=0000000000000000 0000 FPR1=0000000000000000 0000
FPR2=0000000000000000 0000 FPR3=0000000000000000 0000
FPR4=0000000000000000 0000 FPR5=0000000000000000 0000
FPR6=0000000000000000 0000 FPR7=0000000000000000 0000
XMM00=00ff000000ff000000000000000000ff XMM01=25252525252525252525252525252525
XMM02=00000000000000000000000000000000 XMM03=00000000000000000000000000000000
XMM04=00ff00000000000000000000000000ff XMM05=0000ff0000000000ff00000000000000
XMM06=00000000000000000000000000000000 XMM07=00000000000000000000000000000000
XMM08=00000000000000000000000000000000 XMM09=00000000000000000000000000000000
XMM10=00000000000000000000000000000000 XMM11=00000000000000000000000000000000
XMM12=00000000000000000000000000000000 XMM13=00000000000000000000000000000000
XMM14=00000000000000000000000000000000 XMM15=00000000000000000000000000000000
info registers vcpu 3
RAX=0000000000000001 RBX=ff11000008940300 RCX=ffffffff8dc09a38 RDX=0000000000000001
RSI=0000000000000008 RDI=ff1100000b9528c0 RBP=ff1100000b9528c0 RSP=ffa00000035e7c80
R8 =ff11000008940300 R9 =ffe21c000172a519 R10=ffe21c000172a518 R11=ff1100000b9528c7
R12=ffa00000035e7dd0 R13=0000000000000001 R14=ffa00000035e7db0 R15=dffffc0000000000
RIP=ffffffff8dc09a3e RFL=00000202 [-------] CPL=0 II=0 A20=1 SMM=0 HLT=0
ES =0000 0000000000000000 00000000 00000000
CS =0010 0000000000000000 ffffffff 00a09b00 DPL=0 CS64 [-RA]
SS =0018 0000000000000000 ffffffff 00c09300 DPL=0 DS   [-WA]
DS =0000 0000000000000000 00000000 00000000
FS =0000 00007f322aefa8c0 00000000 00000000
GS =0000 ff1100006a380000 00000000 00000000
LDT=0000 0000000000000000 00000000 00000000
TR =0040 fffffe23cf025000 00004087 00008b00 DPL=0 TSS64-busy
GDT=     fffffe23cf023000 0000007f
IDT=     fffffe0000000000 00000fff
CR0=80050033 CR2=000055f72122e118 CR3=000000000757a003 CR4=00771ef0
DR0=0000000000000000 DR1=0000000000000000 DR2=0000000000000000 DR3=0000000000000000 
DR6=00000000ffff0ff0 DR7=0000000000000400
EFER=0000000000000d01
FCW=037f FSW=0000 [ST=0] FTW=00 MXCSR=00001f80
FPR0=0000000000000000 0000 FPR1=0000000000000000 0000
FPR2=0000000000000000 0000 FPR3=0000000000000000 0000
FPR4=0000000000000000 0000 FPR5=0000000000000000 0000
FPR6=0000000000000000 0000 FPR7=0000000000000000 0000
XMM00=00000000000000000000000000000000 XMM01=00000000000000000000000000000030
XMM02=ffffffffffffffffffffffffffff0f0e XMM03=696e656420737365636341002f737973
XMM04=0000000000000000000000000000008c XMM05=00000000000000000000000000000000
XMM06=00000000000000000000000000000000 XMM07=00000000000000000000000000000000
XMM08=20202020000000000000000000000000 XMM09=ffffffff000000000000000000000000
XMM10=20202020000000000000000000000000 XMM11=00000000000000000000000000000000
XMM12=00000000000000000000000000000000 XMM13=00000000000000000000000000000000
XMM14=00000000000000000000000000000000 XMM15=00000000000000000000000000000000
